{"/home/chrisj/moocs/udacity/cdci/cdci2021/frontend/src/app/components/ActionsMenu/index.tsx": {"path":"/home/chrisj/moocs/udacity/cdci/cdci2021/frontend/src/app/components/ActionsMenu/index.tsx","statementMap":{"0":{"start":{"line":1,"column":0},"end":{"line":1,"column":26}},"1":{"start":{"line":2,"column":0},"end":{"line":2,"column":31}},"2":{"start":{"line":3,"column":0},"end":{"line":3,"column":42}},"3":{"start":{"line":4,"column":0},"end":{"line":4,"column":35}},"4":{"start":{"line":6,"column":0},"end":{"line":6,"column":43}},"5":{"start":{"line":7,"column":0},"end":{"line":7,"column":21}},"6":{"start":{"line":22,"column":0},"end":{"line":22,"column":67}},"7":{"start":{"line":22,"column":33},"end":{"line":22,"column":38}},"8":{"start":{"line":27,"column":4},"end":{"line":27,"column":null}},"9":{"start":{"line":52,"column":2},"end":{"line":54,"column":null}},"10":{"start":{"line":53,"column":4},"end":{"line":53,"column":72}},"11":{"start":{"line":56,"column":2},"end":{"line":56,"column":30}},"12":{"start":{"line":58,"column":2},"end":{"line":58,"column":33}},"13":{"start":{"line":60,"column":2},"end":{"line":85,"column":null}},"14":{"start":{"line":61,"column":4},"end":{"line":61,"column":23}},"15":{"start":{"line":63,"column":4},"end":{"line":83,"column":7}},"16":{"start":{"line":67,"column":10},"end":{"line":67,"column":78}},"17":{"start":{"line":73,"column":10},"end":{"line":73,"column":78}},"18":{"start":{"line":79,"column":10},"end":{"line":79,"column":154}},"19":{"start":{"line":80,"column":9},"end":{"line":80,"column":45}},"20":{"start":{"line":84,"column":4},"end":{"line":84,"column":48}},"21":{"start":{"line":29,"column":4},"end":{"line":31,"column":6}},"22":{"start":{"line":33,"column":4},"end":{"line":35,"column":7}},"23":{"start":{"line":38,"column":2},"end":{"line":44,"column":null}},"24":{"start":{"line":39,"column":4},"end":{"line":39,"column":27}},"25":{"start":{"line":40,"column":4},"end":{"line":40,"column":28}},"26":{"start":{"line":41,"column":4},"end":{"line":43,"column":7}},"27":{"start":{"line":46,"column":2},"end":{"line":50,"column":null}},"28":{"start":{"line":47,"column":4},"end":{"line":49,"column":7}},"29":{"start":{"line":87,"column":2},"end":{"line":97,"column":null}},"30":{"start":{"line":88,"column":4},"end":{"line":96,"column":6}},"31":{"start":{"line":98,"column":0},"end":{"line":98,"column":null}},"32":{"start":{"line":22,"column":13},"end":{"line":22,"column":24}}},"fnMap":{"0":{"name":"(anonymous_6)","decl":{"start":{"line":22,"column":0},"end":{"line":22,"column":13}},"loc":{"start":{"line":22,"column":0},"end":{"line":98,"column":null}}},"1":{"name":"ActionsMenu","decl":{"start":{"line":26,"column":2},"end":{"line":26,"column":14}},"loc":{"start":{"line":26,"column":38},"end":{"line":36,"column":3}}},"2":{"name":"(anonymous_8)","decl":{"start":{"line":52,"column":21},"end":{"line":52,"column":null}},"loc":{"start":{"line":52,"column":21},"end":{"line":54,"column":3}}},"3":{"name":"(anonymous_9)","decl":{"start":{"line":56,"column":21},"end":{"line":56,"column":28}},"loc":{"start":{"line":56,"column":21},"end":{"line":56,"column":29}}},"4":{"name":"(anonymous_10)","decl":{"start":{"line":58,"column":24},"end":{"line":58,"column":31}},"loc":{"start":{"line":58,"column":24},"end":{"line":58,"column":32}}},"5":{"name":"(anonymous_11)","decl":{"start":{"line":60,"column":22},"end":{"line":60,"column":23}},"loc":{"start":{"line":60,"column":29},"end":{"line":85,"column":3}}},"6":{"name":"(anonymous_12)","decl":{"start":{"line":66,"column":15},"end":{"line":66,"column":null}},"loc":{"start":{"line":66,"column":15},"end":{"line":68,"column":9}}},"7":{"name":"(anonymous_13)","decl":{"start":{"line":72,"column":15},"end":{"line":72,"column":null}},"loc":{"start":{"line":72,"column":15},"end":{"line":74,"column":9}}},"8":{"name":"(anonymous_14)","decl":{"start":{"line":78,"column":15},"end":{"line":78,"column":null}},"loc":{"start":{"line":78,"column":15},"end":{"line":81,"column":9}}},"9":{"name":"(anonymous_15)","decl":{"start":{"line":38,"column":2},"end":{"line":38,"column":16}},"loc":{"start":{"line":38,"column":56},"end":{"line":44,"column":3}}},"10":{"name":"(anonymous_16)","decl":{"start":{"line":46,"column":2},"end":{"line":46,"column":14}},"loc":{"start":{"line":46,"column":2},"end":{"line":50,"column":3}}},"11":{"name":"(anonymous_17)","decl":{"start":{"line":87,"column":2},"end":{"line":87,"column":8}},"loc":{"start":{"line":87,"column":2},"end":{"line":97,"column":3}}}},"branchMap":{"0":{"loc":{"start":{"line":27,"column":4},"end":{"line":27,"column":16}},"type":"binary-expr","locations":[{"start":{"line":27,"column":4},"end":{"line":27,"column":16}},{"start":{"line":27,"column":16},"end":{"line":27,"column":null}}]},"1":{"loc":{"start":{"line":77,"column":38},"end":{"line":77,"column":48}},"type":"cond-expr","locations":[{"start":{"line":77,"column":38},"end":{"line":77,"column":48}},{"start":{"line":77,"column":51},"end":{"line":77,"column":63}}]},"2":{"loc":{"start":{"line":79,"column":32},"end":{"line":79,"column":92}},"type":"cond-expr","locations":[{"start":{"line":79,"column":32},"end":{"line":79,"column":92}},{"start":{"line":79,"column":95},"end":{"line":79,"column":153}}]}},"s":{"0":0,"1":0,"2":0,"3":0,"4":0,"5":0,"6":0,"7":0,"8":0,"9":0,"10":0,"11":0,"12":0,"13":0,"14":0,"15":0,"16":0,"17":0,"18":0,"19":0,"20":0,"21":0,"22":0,"23":0,"24":0,"25":0,"26":0,"27":0,"28":0,"29":0,"30":0,"31":0,"32":0},"f":{"0":0,"1":0,"2":0,"3":0,"4":0,"5":0,"6":0,"7":0,"8":0,"9":0,"10":0,"11":0},"b":{"0":[0,0],"1":[0,0],"2":[0,0]}}
,"/home/chrisj/moocs/udacity/cdci/cdci2021/frontend/src/app/components/Breadcrumb/index.tsx": {"path":"/home/chrisj/moocs/udacity/cdci/cdci2021/frontend/src/app/components/Breadcrumb/index.tsx","statementMap":{"0":{"start":{"line":1,"column":0},"end":{"line":1,"column":31}},"1":{"start":{"line":2,"column":0},"end":{"line":2,"column":31}},"2":{"start":{"line":3,"column":0},"end":{"line":3,"column":42}},"3":{"start":{"line":13,"column":13},"end":{"line":34,"column":2}},"4":{"start":{"line":14,"column":2},"end":{"line":33,"column":4}}},"fnMap":{"0":{"name":"(anonymous_0)","decl":{"start":{"line":13,"column":26},"end":{"line":13,"column":27}},"loc":{"start":{"line":13,"column":50},"end":{"line":34,"column":1}}}},"branchMap":{"0":{"loc":{"start":{"line":18,"column":28},"end":{"line":18,"column":42}},"type":"cond-expr","locations":[{"start":{"line":18,"column":28},"end":{"line":18,"column":42}},{"start":{"line":18,"column":45},"end":{"line":18,"column":47}}]},"1":{"loc":{"start":{"line":23,"column":10},"end":{"line":24,"column":null}},"type":"cond-expr","locations":[{"start":{"line":23,"column":10},"end":{"line":24,"column":null}},{"start":{"line":27,"column":10},"end":{"line":27,"column":12}}]},"2":{"loc":{"start":{"line":30,"column":36},"end":{"line":30,"column":54}},"type":"cond-expr","locations":[{"start":{"line":30,"column":36},"end":{"line":30,"column":54}},{"start":{"line":30,"column":57},"end":{"line":30,"column":59}}]}},"s":{"0":0,"1":0,"2":0,"3":0,"4":0},"f":{"0":0},"b":{"0":[0,0],"1":[0,0],"2":[0,0]}}
,"/home/chrisj/moocs/udacity/cdci/cdci2021/frontend/src/app/components/Button/index.tsx": {"path":"/home/chrisj/moocs/udacity/cdci/cdci2021/frontend/src/app/components/Button/index.tsx","statementMap":{"0":{"start":{"line":1,"column":0},"end":{"line":1,"column":31}},"1":{"start":{"line":2,"column":0},"end":{"line":2,"column":34}},"2":{"start":{"line":3,"column":0},"end":{"line":3,"column":38}},"3":{"start":{"line":4,"column":0},"end":{"line":4,"column":36}},"4":{"start":{"line":18,"column":0},"end":{"line":18,"column":51}},"5":{"start":{"line":18,"column":28},"end":{"line":18,"column":37}},"6":{"start":{"line":19,"column":2},"end":{"line":25,"column":null}},"7":{"start":{"line":20,"column":26},"end":{"line":20,"column":52}},"8":{"start":{"line":21,"column":4},"end":{"line":24,"column":7}},"9":{"start":{"line":27,"column":2},"end":{"line":41,"column":null}},"10":{"start":{"line":28,"column":4},"end":{"line":40,"column":6}},"11":{"start":{"line":42,"column":0},"end":{"line":42,"column":null}},"12":{"start":{"line":18,"column":13},"end":{"line":18,"column":19}}},"fnMap":{"0":{"name":"(anonymous_6)","decl":{"start":{"line":18,"column":0},"end":{"line":18,"column":13}},"loc":{"start":{"line":18,"column":0},"end":{"line":42,"column":null}}},"1":{"name":"(anonymous_8)","decl":{"start":{"line":19,"column":2},"end":{"line":19,"column":15}},"loc":{"start":{"line":19,"column":2},"end":{"line":25,"column":3}}},"2":{"name":"(anonymous_9)","decl":{"start":{"line":27,"column":2},"end":{"line":27,"column":8}},"loc":{"start":{"line":27,"column":2},"end":{"line":41,"column":3}}}},"branchMap":{"0":{"loc":{"start":{"line":20,"column":26},"end":{"line":20,"column":46}},"type":"binary-expr","locations":[{"start":{"line":20,"column":26},"end":{"line":20,"column":46}},{"start":{"line":20,"column":50},"end":{"line":20,"column":52}}]},"1":{"loc":{"start":{"line":30,"column":14},"end":{"line":30,"column":29}},"type":"binary-expr","locations":[{"start":{"line":30,"column":14},"end":{"line":30,"column":29}},{"start":{"line":30,"column":33},"end":{"line":30,"column":41}}]}},"s":{"0":2,"1":2,"2":2,"3":2,"4":2,"5":2,"6":2,"7":0,"8":0,"9":2,"10":0,"11":2,"12":2},"f":{"0":2,"1":0,"2":0},"b":{"0":[0,0],"1":[0,0]}}
,"/home/chrisj/moocs/udacity/cdci/cdci2021/frontend/src/app/components/Empty/index.tsx": {"path":"/home/chrisj/moocs/udacity/cdci/cdci2021/frontend/src/app/components/Empty/index.tsx","statementMap":{"0":{"start":{"line":1,"column":0},"end":{"line":1,"column":31}},"1":{"start":{"line":2,"column":0},"end":{"line":2,"column":38}},"2":{"start":{"line":10,"column":13},"end":{"line":21,"column":2}},"3":{"start":{"line":10,"column":24},"end":{"line":10,"column":29}},"4":{"start":{"line":11,"column":2},"end":{"line":20,"column":4}}},"fnMap":{"0":{"name":"(anonymous_0)","decl":{"start":{"line":10,"column":21},"end":{"line":10,"column":22}},"loc":{"start":{"line":10,"column":44},"end":{"line":21,"column":1}}}},"branchMap":{},"s":{"0":1,"1":1,"2":1,"3":1,"4":1},"f":{"0":1},"b":{}}
,"/home/chrisj/moocs/udacity/cdci/cdci2021/frontend/src/app/components/LoadingMessage/index.tsx": {"path":"/home/chrisj/moocs/udacity/cdci/cdci2021/frontend/src/app/components/LoadingMessage/index.tsx","statementMap":{"0":{"start":{"line":1,"column":0},"end":{"line":1,"column":31}},"1":{"start":{"line":2,"column":0},"end":{"line":2,"column":34}},"2":{"start":{"line":3,"column":0},"end":{"line":3,"column":38}},"3":{"start":{"line":11,"column":0},"end":{"line":11,"column":67}},"4":{"start":{"line":11,"column":36},"end":{"line":11,"column":45}},"5":{"start":{"line":12,"column":2},"end":{"line":18,"column":null}},"6":{"start":{"line":13,"column":4},"end":{"line":17,"column":6}},"7":{"start":{"line":19,"column":0},"end":{"line":19,"column":null}},"8":{"start":{"line":11,"column":13},"end":{"line":11,"column":27}}},"fnMap":{"0":{"name":"(anonymous_6)","decl":{"start":{"line":11,"column":0},"end":{"line":11,"column":13}},"loc":{"start":{"line":11,"column":0},"end":{"line":19,"column":null}}},"1":{"name":"(anonymous_8)","decl":{"start":{"line":12,"column":2},"end":{"line":12,"column":8}},"loc":{"start":{"line":12,"column":2},"end":{"line":18,"column":3}}}},"branchMap":{},"s":{"0":1,"1":1,"2":1,"3":1,"4":1,"5":1,"6":1,"7":1,"8":1},"f":{"0":2,"1":1},"b":{}}
,"/home/chrisj/moocs/udacity/cdci/cdci2021/frontend/src/app/components/Navbar/index.tsx": {"path":"/home/chrisj/moocs/udacity/cdci/cdci2021/frontend/src/app/components/Navbar/index.tsx","statementMap":{"0":{"start":{"line":1,"column":0},"end":{"line":1,"column":31}},"1":{"start":{"line":3,"column":0},"end":{"line":3,"column":31}},"2":{"start":{"line":4,"column":0},"end":{"line":4,"column":42}},"3":{"start":{"line":16,"column":0},"end":{"line":16,"column":71}},"4":{"start":{"line":16,"column":28},"end":{"line":16,"column":33}},"5":{"start":{"line":18,"column":4},"end":{"line":18,"column":null}},"6":{"start":{"line":50,"column":2},"end":{"line":55,"column":4}},"7":{"start":{"line":51,"column":4},"end":{"line":51,"column":23}},"8":{"start":{"line":52,"column":24},"end":{"line":52,"column":36}},"9":{"start":{"line":53,"column":4},"end":{"line":54,"column":43}},"10":{"start":{"line":54,"column":6},"end":{"line":54,"column":43}},"11":{"start":{"line":57,"column":2},"end":{"line":62,"column":4}},"12":{"start":{"line":58,"column":4},"end":{"line":58,"column":23}},"13":{"start":{"line":59,"column":24},"end":{"line":59,"column":40}},"14":{"start":{"line":60,"column":4},"end":{"line":61,"column":43}},"15":{"start":{"line":61,"column":6},"end":{"line":61,"column":43}},"16":{"start":{"line":20,"column":4},"end":{"line":24,"column":6}},"17":{"start":{"line":27,"column":2},"end":{"line":29,"column":null}},"18":{"start":{"line":28,"column":4},"end":{"line":28,"column":29}},"19":{"start":{"line":31,"column":2},"end":{"line":35,"column":null}},"20":{"start":{"line":32,"column":21},"end":{"line":32,"column":43}},"21":{"start":{"line":33,"column":12},"end":{"line":33,"column":30}},"22":{"start":{"line":34,"column":4},"end":{"line":34,"column":56}},"23":{"start":{"line":34,"column":31},"end":{"line":34,"column":56}},"24":{"start":{"line":37,"column":2},"end":{"line":44,"column":null}},"25":{"start":{"line":38,"column":17},"end":{"line":38,"column":53}},"26":{"start":{"line":39,"column":4},"end":{"line":43,"column":7}},"27":{"start":{"line":46,"column":2},"end":{"line":48,"column":null}},"28":{"start":{"line":47,"column":4},"end":{"line":47,"column":50}},"29":{"start":{"line":64,"column":2},"end":{"line":126,"column":null}},"30":{"start":{"line":67,"column":4},"end":{"line":125,"column":6}},"31":{"start":{"line":127,"column":0},"end":{"line":127,"column":null}},"32":{"start":{"line":16,"column":13},"end":{"line":16,"column":19}}},"fnMap":{"0":{"name":"(anonymous_6)","decl":{"start":{"line":16,"column":0},"end":{"line":16,"column":13}},"loc":{"start":{"line":16,"column":0},"end":{"line":127,"column":null}}},"1":{"name":"Navbar","decl":{"start":{"line":17,"column":2},"end":{"line":17,"column":14}},"loc":{"start":{"line":17,"column":33},"end":{"line":25,"column":3}}},"2":{"name":"(anonymous_8)","decl":{"start":{"line":50,"column":18},"end":{"line":50,"column":19}},"loc":{"start":{"line":50,"column":57},"end":{"line":55,"column":3}}},"3":{"name":"(anonymous_9)","decl":{"start":{"line":57,"column":20},"end":{"line":57,"column":21}},"loc":{"start":{"line":57,"column":59},"end":{"line":62,"column":3}}},"4":{"name":"(anonymous_10)","decl":{"start":{"line":27,"column":2},"end":{"line":27,"column":19}},"loc":{"start":{"line":27,"column":2},"end":{"line":29,"column":3}}},"5":{"name":"(anonymous_11)","decl":{"start":{"line":31,"column":2},"end":{"line":31,"column":20}},"loc":{"start":{"line":31,"column":2},"end":{"line":35,"column":3}}},"6":{"name":"(anonymous_12)","decl":{"start":{"line":37,"column":2},"end":{"line":37,"column":19}},"loc":{"start":{"line":37,"column":2},"end":{"line":44,"column":3}}},"7":{"name":"(anonymous_13)","decl":{"start":{"line":46,"column":2},"end":{"line":46,"column":18}},"loc":{"start":{"line":46,"column":38},"end":{"line":48,"column":3}}},"8":{"name":"(anonymous_14)","decl":{"start":{"line":64,"column":2},"end":{"line":64,"column":8}},"loc":{"start":{"line":64,"column":2},"end":{"line":126,"column":3}}}},"branchMap":{"0":{"loc":{"start":{"line":18,"column":4},"end":{"line":18,"column":16}},"type":"binary-expr","locations":[{"start":{"line":18,"column":4},"end":{"line":18,"column":16}},{"start":{"line":18,"column":16},"end":{"line":18,"column":null}}]},"1":{"loc":{"start":{"line":53,"column":4},"end":{"line":54,"column":43}},"type":"if","locations":[{"start":{"line":53,"column":4},"end":{"line":54,"column":43}},{"start":{"line":53,"column":4},"end":{"line":54,"column":43}}]},"2":{"loc":{"start":{"line":60,"column":4},"end":{"line":61,"column":43}},"type":"if","locations":[{"start":{"line":60,"column":4},"end":{"line":61,"column":43}},{"start":{"line":60,"column":4},"end":{"line":61,"column":43}}]},"3":{"loc":{"start":{"line":34,"column":4},"end":{"line":34,"column":56}},"type":"if","locations":[{"start":{"line":34,"column":4},"end":{"line":34,"column":56}},{"start":{"line":34,"column":4},"end":{"line":34,"column":56}}]}},"s":{"0":0,"1":0,"2":0,"3":0,"4":0,"5":0,"6":0,"7":0,"8":0,"9":0,"10":0,"11":0,"12":0,"13":0,"14":0,"15":0,"16":0,"17":0,"18":0,"19":0,"20":0,"21":0,"22":0,"23":0,"24":0,"25":0,"26":0,"27":0,"28":0,"29":0,"30":0,"31":0,"32":0},"f":{"0":0,"1":0,"2":0,"3":0,"4":0,"5":0,"6":0,"7":0,"8":0},"b":{"0":[0,0],"1":[0,0],"2":[0,0],"3":[0,0]}}
,"/home/chrisj/moocs/udacity/cdci/cdci2021/frontend/src/app/components/NavbarButton/index.tsx": {"path":"/home/chrisj/moocs/udacity/cdci/cdci2021/frontend/src/app/components/NavbarButton/index.tsx","statementMap":{"0":{"start":{"line":1,"column":0},"end":{"line":1,"column":31}},"1":{"start":{"line":2,"column":0},"end":{"line":2,"column":35}},"2":{"start":{"line":3,"column":0},"end":{"line":3,"column":38}},"3":{"start":{"line":15,"column":13},"end":{"line":26,"column":2}},"4":{"start":{"line":16,"column":2},"end":{"line":25,"column":4}}},"fnMap":{"0":{"name":"(anonymous_0)","decl":{"start":{"line":15,"column":28},"end":{"line":15,"column":29}},"loc":{"start":{"line":15,"column":54},"end":{"line":26,"column":1}}}},"branchMap":{"0":{"loc":{"start":{"line":20,"column":52},"end":{"line":20,"column":67}},"type":"binary-expr","locations":[{"start":{"line":20,"column":52},"end":{"line":20,"column":67}},{"start":{"line":20,"column":71},"end":{"line":20,"column":73}}]}},"s":{"0":0,"1":0,"2":0,"3":0,"4":0},"f":{"0":0},"b":{"0":[0,0]}}
,"/home/chrisj/moocs/udacity/cdci/cdci2021/frontend/src/app/components/OrdersTable/NoFilteredOrders/index.tsx": {"path":"/home/chrisj/moocs/udacity/cdci/cdci2021/frontend/src/app/components/OrdersTable/NoFilteredOrders/index.tsx","statementMap":{"0":{"start":{"line":1,"column":0},"end":{"line":1,"column":31}},"1":{"start":{"line":2,"column":0},"end":{"line":2,"column":34}},"2":{"start":{"line":4,"column":0},"end":{"line":4,"column":38}},"3":{"start":{"line":5,"column":0},"end":{"line":5,"column":38}},"4":{"start":{"line":14,"column":0},"end":{"line":14,"column":71}},"5":{"start":{"line":14,"column":38},"end":{"line":14,"column":47}},"6":{"start":{"line":15,"column":2},"end":{"line":35,"column":null}},"7":{"start":{"line":15,"column":2},"end":{"line":15,"column":8}},"8":{"start":{"line":16,"column":4},"end":{"line":34,"column":6}},"9":{"start":{"line":28,"column":25},"end":{"line":28,"column":null}},"10":{"start":{"line":36,"column":0},"end":{"line":36,"column":null}},"11":{"start":{"line":14,"column":13},"end":{"line":14,"column":29}}},"fnMap":{"0":{"name":"(anonymous_6)","decl":{"start":{"line":14,"column":0},"end":{"line":14,"column":13}},"loc":{"start":{"line":14,"column":0},"end":{"line":36,"column":null}}},"1":{"name":"(anonymous_8)","decl":{"start":{"line":15,"column":2},"end":{"line":15,"column":8}},"loc":{"start":{"line":15,"column":2},"end":{"line":35,"column":3}}},"2":{"name":"(anonymous_9)","decl":{"start":{"line":28,"column":19},"end":{"line":28,"column":25}},"loc":{"start":{"line":28,"column":19},"end":{"line":28,"column":29}}}},"branchMap":{},"s":{"0":1,"1":1,"2":1,"3":1,"4":1,"5":1,"6":1,"7":1,"8":1,"9":1,"10":1,"11":1},"f":{"0":2,"1":1,"2":1},"b":{}}
,"/home/chrisj/moocs/udacity/cdci/cdci2021/frontend/src/app/components/OrdersTable/OrdersSearch/index.tsx": {"path":"/home/chrisj/moocs/udacity/cdci/cdci2021/frontend/src/app/components/OrdersTable/OrdersSearch/index.tsx","statementMap":{"0":{"start":{"line":1,"column":0},"end":{"line":1,"column":31}},"1":{"start":{"line":2,"column":0},"end":{"line":2,"column":34}},"2":{"start":{"line":3,"column":0},"end":{"line":3,"column":38}},"3":{"start":{"line":4,"column":0},"end":{"line":4,"column":56}},"4":{"start":{"line":5,"column":0},"end":{"line":5,"column":65}},"5":{"start":{"line":6,"column":0},"end":{"line":6,"column":60}},"6":{"start":{"line":22,"column":0},"end":{"line":22,"column":null}},"7":{"start":{"line":22,"column":34},"end":{"line":22,"column":43}},"8":{"start":{"line":28,"column":4},"end":{"line":28,"column":null}},"9":{"start":{"line":29,"column":4},"end":{"line":29,"column":57}},"10":{"start":{"line":30,"column":4},"end":{"line":30,"column":55}},"11":{"start":{"line":31,"column":4},"end":{"line":31,"column":28}},"12":{"start":{"line":32,"column":4},"end":{"line":35,"column":6}},"13":{"start":{"line":38,"column":2},"end":{"line":47,"column":null}},"14":{"start":{"line":39,"column":4},"end":{"line":43,"column":null}},"15":{"start":{"line":40,"column":6},"end":{"line":42,"column":9}},"16":{"start":{"line":44,"column":4},"end":{"line":46,"column":null}},"17":{"start":{"line":45,"column":6},"end":{"line":45,"column":31}},"18":{"start":{"line":49,"column":2},"end":{"line":65,"column":null}},"19":{"start":{"line":49,"column":2},"end":{"line":49,"column":16}},"20":{"start":{"line":50,"column":4},"end":{"line":52,"column":null}},"21":{"start":{"line":51,"column":6},"end":{"line":51,"column":61}},"22":{"start":{"line":53,"column":4},"end":{"line":64,"column":7}},"23":{"start":{"line":56,"column":27},"end":{"line":56,"column":48}},"24":{"start":{"line":58,"column":10},"end":{"line":59,"column":57}},"25":{"start":{"line":60,"column":8},"end":{"line":62,"column":null}},"26":{"start":{"line":61,"column":10},"end":{"line":61,"column":48}},"27":{"start":{"line":67,"column":2},"end":{"line":75,"column":null}},"28":{"start":{"line":68,"column":10},"end":{"line":68,"column":12}},"29":{"start":{"line":68,"column":12},"end":{"line":68,"column":22}},"30":{"start":{"line":68,"column":24},"end":{"line":68,"column":52}},"31":{"start":{"line":70,"column":4},"end":{"line":74,"column":null}},"32":{"start":{"line":71,"column":6},"end":{"line":71,"column":69}},"33":{"start":{"line":71,"column":25},"end":{"line":71,"column":69}},"34":{"start":{"line":73,"column":6},"end":{"line":73,"column":44}},"35":{"start":{"line":77,"column":2},"end":{"line":109,"column":null}},"36":{"start":{"line":77,"column":2},"end":{"line":77,"column":8}},"37":{"start":{"line":78,"column":4},"end":{"line":78,"column":51}},"38":{"start":{"line":78,"column":39},"end":{"line":78,"column":51}},"39":{"start":{"line":80,"column":4},"end":{"line":108,"column":6}},"40":{"start":{"line":94,"column":12},"end":{"line":94,"column":37}},"41":{"start":{"line":100,"column":27},"end":{"line":100,"column":null}},"42":{"start":{"line":110,"column":0},"end":{"line":110,"column":null}},"43":{"start":{"line":22,"column":13},"end":{"line":22,"column":25}}},"fnMap":{"0":{"name":"(anonymous_6)","decl":{"start":{"line":22,"column":0},"end":{"line":22,"column":13}},"loc":{"start":{"line":22,"column":0},"end":{"line":110,"column":null}}},"1":{"name":"OrdersSearch","decl":{"start":{"line":27,"column":2},"end":{"line":27,"column":14}},"loc":{"start":{"line":27,"column":39},"end":{"line":36,"column":3}}},"2":{"name":"(anonymous_8)","decl":{"start":{"line":38,"column":2},"end":{"line":38,"column":20}},"loc":{"start":{"line":38,"column":50},"end":{"line":47,"column":3}}},"3":{"name":"(anonymous_9)","decl":{"start":{"line":49,"column":2},"end":{"line":49,"column":16}},"loc":{"start":{"line":49,"column":59},"end":{"line":65,"column":3}}},"4":{"name":"(anonymous_10)","decl":{"start":{"line":55,"column":32},"end":{"line":55,"column":null}},"loc":{"start":{"line":55,"column":32},"end":{"line":63,"column":7}}},"5":{"name":"(anonymous_11)","decl":{"start":{"line":67,"column":2},"end":{"line":67,"column":15}},"loc":{"start":{"line":67,"column":60},"end":{"line":75,"column":3}}},"6":{"name":"(anonymous_12)","decl":{"start":{"line":77,"column":2},"end":{"line":77,"column":8}},"loc":{"start":{"line":77,"column":2},"end":{"line":109,"column":3}}},"7":{"name":"(anonymous_13)","decl":{"start":{"line":93,"column":15},"end":{"line":93,"column":20}},"loc":{"start":{"line":93,"column":20},"end":{"line":95,"column":11}}},"8":{"name":"(anonymous_14)","decl":{"start":{"line":100,"column":21},"end":{"line":100,"column":27}},"loc":{"start":{"line":100,"column":21},"end":{"line":100,"column":31}}}},"branchMap":{"0":{"loc":{"start":{"line":28,"column":4},"end":{"line":28,"column":16}},"type":"binary-expr","locations":[{"start":{"line":28,"column":4},"end":{"line":28,"column":16}},{"start":{"line":28,"column":16},"end":{"line":28,"column":null}}]},"1":{"loc":{"start":{"line":39,"column":4},"end":{"line":43,"column":null}},"type":"if","locations":[{"start":{"line":39,"column":4},"end":{"line":43,"column":null}},{"start":{"line":39,"column":4},"end":{"line":43,"column":null}}]},"2":{"loc":{"start":{"line":44,"column":4},"end":{"line":46,"column":null}},"type":"if","locations":[{"start":{"line":44,"column":4},"end":{"line":46,"column":null}},{"start":{"line":44,"column":4},"end":{"line":46,"column":null}}]},"3":{"loc":{"start":{"line":50,"column":4},"end":{"line":52,"column":null}},"type":"if","locations":[{"start":{"line":50,"column":4},"end":{"line":52,"column":null}},{"start":{"line":50,"column":4},"end":{"line":52,"column":null}}]},"4":{"loc":{"start":{"line":58,"column":10},"end":{"line":58,"column":33}},"type":"binary-expr","locations":[{"start":{"line":58,"column":10},"end":{"line":58,"column":33}},{"start":{"line":59,"column":10},"end":{"line":59,"column":57}}]},"5":{"loc":{"start":{"line":60,"column":8},"end":{"line":62,"column":null}},"type":"if","locations":[{"start":{"line":60,"column":8},"end":{"line":62,"column":null}},{"start":{"line":60,"column":8},"end":{"line":62,"column":null}}]},"6":{"loc":{"start":{"line":60,"column":12},"end":{"line":60,"column":34}},"type":"binary-expr","locations":[{"start":{"line":60,"column":12},"end":{"line":60,"column":34}},{"start":{"line":60,"column":38},"end":{"line":60,"column":55}}]},"7":{"loc":{"start":{"line":70,"column":4},"end":{"line":74,"column":null}},"type":"if","locations":[{"start":{"line":70,"column":4},"end":{"line":74,"column":null}},{"start":{"line":70,"column":4},"end":{"line":74,"column":null}}]},"8":{"loc":{"start":{"line":70,"column":8},"end":{"line":70,"column":29}},"type":"binary-expr","locations":[{"start":{"line":70,"column":8},"end":{"line":70,"column":29}},{"start":{"line":70,"column":33},"end":{"line":70,"column":43}}]},"9":{"loc":{"start":{"line":71,"column":6},"end":{"line":71,"column":69}},"type":"if","locations":[{"start":{"line":71,"column":6},"end":{"line":71,"column":69}},{"start":{"line":71,"column":6},"end":{"line":71,"column":69}}]},"10":{"loc":{"start":{"line":78,"column":4},"end":{"line":78,"column":51}},"type":"if","locations":[{"start":{"line":78,"column":4},"end":{"line":78,"column":51}},{"start":{"line":78,"column":4},"end":{"line":78,"column":51}}]},"11":{"loc":{"start":{"line":98,"column":10},"end":{"line":102,"column":null}},"type":"cond-expr","locations":[{"start":{"line":98,"column":10},"end":{"line":102,"column":null}},{"start":{"line":105,"column":10},"end":{"line":105,"column":12}}]}},"s":{"0":0,"1":0,"2":0,"3":0,"4":0,"5":0,"6":0,"7":0,"8":0,"9":0,"10":0,"11":0,"12":0,"13":0,"14":0,"15":0,"16":0,"17":0,"18":0,"19":0,"20":0,"21":0,"22":0,"23":0,"24":0,"25":0,"26":0,"27":0,"28":0,"29":0,"30":0,"31":0,"32":0,"33":0,"34":0,"35":0,"36":0,"37":0,"38":0,"39":0,"40":0,"41":0,"42":0,"43":0},"f":{"0":0,"1":0,"2":0,"3":0,"4":0,"5":0,"6":0,"7":0,"8":0},"b":{"0":[0,0],"1":[0,0],"2":[0,0],"3":[0,0],"4":[0,0],"5":[0,0],"6":[0,0],"7":[0,0],"8":[0,0],"9":[0,0],"10":[0,0],"11":[0,0]}}
,"/home/chrisj/moocs/udacity/cdci/cdci2021/frontend/src/app/components/Pagination/index.tsx": {"path":"/home/chrisj/moocs/udacity/cdci/cdci2021/frontend/src/app/components/Pagination/index.tsx","statementMap":{"0":{"start":{"line":1,"column":0},"end":{"line":1,"column":31}},"1":{"start":{"line":2,"column":0},"end":{"line":2,"column":34}},"2":{"start":{"line":3,"column":0},"end":{"line":3,"column":65}},"3":{"start":{"line":4,"column":0},"end":{"line":4,"column":78}},"4":{"start":{"line":6,"column":0},"end":{"line":6,"column":38}},"5":{"start":{"line":7,"column":0},"end":{"line":7,"column":47}},"6":{"start":{"line":27,"column":0},"end":{"line":27,"column":77}},"7":{"start":{"line":27,"column":32},"end":{"line":27,"column":41}},"8":{"start":{"line":29,"column":4},"end":{"line":29,"column":null}},"9":{"start":{"line":30,"column":4},"end":{"line":35,"column":6}},"10":{"start":{"line":38,"column":2},"end":{"line":40,"column":null}},"11":{"start":{"line":39,"column":4},"end":{"line":39,"column":51}},"12":{"start":{"line":42,"column":2},"end":{"line":44,"column":null}},"13":{"start":{"line":43,"column":4},"end":{"line":43,"column":49}},"14":{"start":{"line":46,"column":2},"end":{"line":52,"column":null}},"15":{"start":{"line":47,"column":31},"end":{"line":47,"column":58}},"16":{"start":{"line":48,"column":4},"end":{"line":50,"column":null}},"17":{"start":{"line":49,"column":6},"end":{"line":49,"column":25}},"18":{"start":{"line":51,"column":4},"end":{"line":51,"column":30}},"19":{"start":{"line":54,"column":2},"end":{"line":66,"column":null}},"20":{"start":{"line":55,"column":48},"end":{"line":55,"column":50}},"21":{"start":{"line":56,"column":31},"end":{"line":56,"column":74}},"22":{"start":{"line":57,"column":28},"end":{"line":57,"column":65}},"23":{"start":{"line":58,"column":27},"end":{"line":58,"column":62}},"24":{"start":{"line":59,"column":4},"end":{"line":64,"column":null}},"25":{"start":{"line":60,"column":6},"end":{"line":60,"column":56}},"26":{"start":{"line":61,"column":6},"end":{"line":61,"column":76}},"27":{"start":{"line":62,"column":6},"end":{"line":62,"column":74}},"28":{"start":{"line":63,"column":6},"end":{"line":63,"column":52}},"29":{"start":{"line":65,"column":4},"end":{"line":65,"column":35}},"30":{"start":{"line":68,"column":2},"end":{"line":70,"column":null}},"31":{"start":{"line":69,"column":4},"end":{"line":69,"column":39}},"32":{"start":{"line":72,"column":2},"end":{"line":74,"column":null}},"33":{"start":{"line":73,"column":4},"end":{"line":73,"column":47}},"34":{"start":{"line":76,"column":2},"end":{"line":78,"column":null}},"35":{"start":{"line":77,"column":4},"end":{"line":77,"column":41}},"36":{"start":{"line":80,"column":2},"end":{"line":103,"column":null}},"37":{"start":{"line":81,"column":12},"end":{"line":81,"column":15}},"38":{"start":{"line":82,"column":12},"end":{"line":82,"column":23}},"39":{"start":{"line":83,"column":10},"end":{"line":83,"column":12}},"40":{"start":{"line":83,"column":12},"end":{"line":83,"column":16}},"41":{"start":{"line":83,"column":18},"end":{"line":83,"column":45}},"42":{"start":{"line":85,"column":4},"end":{"line":85,"column":59}},"43":{"start":{"line":85,"column":26},"end":{"line":85,"column":59}},"44":{"start":{"line":87,"column":4},"end":{"line":87,"column":67}},"45":{"start":{"line":87,"column":60},"end":{"line":87,"column":67}},"46":{"start":{"line":89,"column":20},"end":{"line":89,"column":63}},"47":{"start":{"line":90,"column":26},"end":{"line":90,"column":75}},"48":{"start":{"line":92,"column":4},"end":{"line":95,"column":null}},"49":{"start":{"line":93,"column":6},"end":{"line":93,"column":42}},"50":{"start":{"line":94,"column":6},"end":{"line":94,"column":13}},"51":{"start":{"line":97,"column":4},"end":{"line":100,"column":null}},"52":{"start":{"line":98,"column":6},"end":{"line":98,"column":60}},"53":{"start":{"line":99,"column":6},"end":{"line":99,"column":13}},"54":{"start":{"line":102,"column":4},"end":{"line":102,"column":70}},"55":{"start":{"line":102,"column":25},"end":{"line":102,"column":70}},"56":{"start":{"line":105,"column":2},"end":{"line":110,"column":null}},"57":{"start":{"line":106,"column":27},"end":{"line":106,"column":62}},"58":{"start":{"line":107,"column":4},"end":{"line":109,"column":null}},"59":{"start":{"line":108,"column":6},"end":{"line":108,"column":57}},"60":{"start":{"line":112,"column":2},"end":{"line":114,"column":null}},"61":{"start":{"line":113,"column":4},"end":{"line":113,"column":49}},"62":{"start":{"line":116,"column":2},"end":{"line":118,"column":null}},"63":{"start":{"line":117,"column":4},"end":{"line":117,"column":49}},"64":{"start":{"line":120,"column":2},"end":{"line":132,"column":null}},"65":{"start":{"line":121,"column":4},"end":{"line":131,"column":6}},"66":{"start":{"line":134,"column":2},"end":{"line":146,"column":null}},"67":{"start":{"line":135,"column":4},"end":{"line":145,"column":6}},"68":{"start":{"line":148,"column":2},"end":{"line":150,"column":null}},"69":{"start":{"line":149,"column":4},"end":{"line":149,"column":60}},"70":{"start":{"line":152,"column":2},"end":{"line":176,"column":null}},"71":{"start":{"line":153,"column":4},"end":{"line":175,"column":6}},"72":{"start":{"line":177,"column":0},"end":{"line":177,"column":null}},"73":{"start":{"line":27,"column":13},"end":{"line":27,"column":23}}},"fnMap":{"0":{"name":"(anonymous_6)","decl":{"start":{"line":27,"column":0},"end":{"line":27,"column":13}},"loc":{"start":{"line":27,"column":0},"end":{"line":177,"column":null}}},"1":{"name":"Pagination","decl":{"start":{"line":28,"column":2},"end":{"line":28,"column":14}},"loc":{"start":{"line":28,"column":37},"end":{"line":36,"column":3}}},"2":{"name":"(anonymous_8)","decl":{"start":{"line":38,"column":2},"end":{"line":38,"column":18}},"loc":{"start":{"line":38,"column":42},"end":{"line":40,"column":3}}},"3":{"name":"(anonymous_9)","decl":{"start":{"line":42,"column":2},"end":{"line":42,"column":24}},"loc":{"start":{"line":42,"column":48},"end":{"line":44,"column":3}}},"4":{"name":"(anonymous_10)","decl":{"start":{"line":46,"column":2},"end":{"line":46,"column":23}},"loc":{"start":{"line":46,"column":47},"end":{"line":52,"column":3}}},"5":{"name":"(anonymous_11)","decl":{"start":{"line":54,"column":2},"end":{"line":54,"column":27}},"loc":{"start":{"line":54,"column":55},"end":{"line":66,"column":3}}},"6":{"name":"(anonymous_12)","decl":{"start":{"line":68,"column":2},"end":{"line":68,"column":16}},"loc":{"start":{"line":68,"column":32},"end":{"line":70,"column":3}}},"7":{"name":"(anonymous_13)","decl":{"start":{"line":72,"column":2},"end":{"line":72,"column":20}},"loc":{"start":{"line":72,"column":40},"end":{"line":74,"column":3}}},"8":{"name":"(anonymous_14)","decl":{"start":{"line":76,"column":2},"end":{"line":76,"column":17}},"loc":{"start":{"line":76,"column":34},"end":{"line":78,"column":3}}},"9":{"name":"(anonymous_15)","decl":{"start":{"line":80,"column":2},"end":{"line":80,"column":17}},"loc":{"start":{"line":80,"column":62},"end":{"line":103,"column":3}}},"10":{"name":"(anonymous_16)","decl":{"start":{"line":105,"column":2},"end":{"line":105,"column":16}},"loc":{"start":{"line":105,"column":59},"end":{"line":110,"column":3}}},"11":{"name":"(anonymous_17)","decl":{"start":{"line":112,"column":2},"end":{"line":112,"column":18}},"loc":{"start":{"line":112,"column":2},"end":{"line":114,"column":3}}},"12":{"name":"(anonymous_18)","decl":{"start":{"line":116,"column":2},"end":{"line":116,"column":14}},"loc":{"start":{"line":116,"column":2},"end":{"line":118,"column":3}}},"13":{"name":"(anonymous_19)","decl":{"start":{"line":120,"column":2},"end":{"line":120,"column":22}},"loc":{"start":{"line":120,"column":2},"end":{"line":132,"column":3}}},"14":{"name":"(anonymous_20)","decl":{"start":{"line":134,"column":2},"end":{"line":134,"column":18}},"loc":{"start":{"line":134,"column":2},"end":{"line":146,"column":3}}},"15":{"name":"(anonymous_21)","decl":{"start":{"line":148,"column":2},"end":{"line":148,"column":27}},"loc":{"start":{"line":148,"column":2},"end":{"line":150,"column":3}}},"16":{"name":"(anonymous_22)","decl":{"start":{"line":152,"column":2},"end":{"line":152,"column":8}},"loc":{"start":{"line":152,"column":2},"end":{"line":176,"column":3}}}},"branchMap":{"0":{"loc":{"start":{"line":29,"column":4},"end":{"line":29,"column":16}},"type":"binary-expr","locations":[{"start":{"line":29,"column":4},"end":{"line":29,"column":16}},{"start":{"line":29,"column":16},"end":{"line":29,"column":null}}]},"1":{"loc":{"start":{"line":48,"column":4},"end":{"line":50,"column":null}},"type":"if","locations":[{"start":{"line":48,"column":4},"end":{"line":50,"column":null}},{"start":{"line":48,"column":4},"end":{"line":50,"column":null}}]},"2":{"loc":{"start":{"line":59,"column":4},"end":{"line":64,"column":null}},"type":"if","locations":[{"start":{"line":59,"column":4},"end":{"line":64,"column":null}},{"start":{"line":59,"column":4},"end":{"line":64,"column":null}}]},"3":{"loc":{"start":{"line":59,"column":8},"end":{"line":59,"column":26}},"type":"binary-expr","locations":[{"start":{"line":59,"column":8},"end":{"line":59,"column":26}},{"start":{"line":59,"column":30},"end":{"line":59,"column":45}},{"start":{"line":59,"column":49},"end":{"line":59,"column":63}}]},"4":{"loc":{"start":{"line":85,"column":4},"end":{"line":85,"column":59}},"type":"if","locations":[{"start":{"line":85,"column":4},"end":{"line":85,"column":59}},{"start":{"line":85,"column":4},"end":{"line":85,"column":59}}]},"5":{"loc":{"start":{"line":87,"column":4},"end":{"line":87,"column":67}},"type":"if","locations":[{"start":{"line":87,"column":4},"end":{"line":87,"column":67}},{"start":{"line":87,"column":4},"end":{"line":87,"column":67}}]},"6":{"loc":{"start":{"line":87,"column":8},"end":{"line":87,"column":20}},"type":"binary-expr","locations":[{"start":{"line":87,"column":8},"end":{"line":87,"column":20}},{"start":{"line":87,"column":24},"end":{"line":87,"column":58}}]},"7":{"loc":{"start":{"line":89,"column":29},"end":{"line":89,"column":51}},"type":"binary-expr","locations":[{"start":{"line":89,"column":29},"end":{"line":89,"column":51}},{"start":{"line":89,"column":55},"end":{"line":89,"column":58}}]},"8":{"loc":{"start":{"line":92,"column":4},"end":{"line":95,"column":null}},"type":"if","locations":[{"start":{"line":92,"column":4},"end":{"line":95,"column":null}},{"start":{"line":92,"column":4},"end":{"line":95,"column":null}}]},"9":{"loc":{"start":{"line":97,"column":4},"end":{"line":100,"column":null}},"type":"if","locations":[{"start":{"line":97,"column":4},"end":{"line":100,"column":null}},{"start":{"line":97,"column":4},"end":{"line":100,"column":null}}]},"10":{"loc":{"start":{"line":102,"column":4},"end":{"line":102,"column":70}},"type":"if","locations":[{"start":{"line":102,"column":4},"end":{"line":102,"column":70}},{"start":{"line":102,"column":4},"end":{"line":102,"column":70}}]},"11":{"loc":{"start":{"line":102,"column":38},"end":{"line":102,"column":63}},"type":"binary-expr","locations":[{"start":{"line":102,"column":38},"end":{"line":102,"column":63}},{"start":{"line":102,"column":67},"end":{"line":102,"column":68}}]},"12":{"loc":{"start":{"line":107,"column":4},"end":{"line":109,"column":null}},"type":"if","locations":[{"start":{"line":107,"column":4},"end":{"line":109,"column":null}},{"start":{"line":107,"column":4},"end":{"line":109,"column":null}}]},"13":{"loc":{"start":{"line":107,"column":8},"end":{"line":107,"column":22}},"type":"binary-expr","locations":[{"start":{"line":107,"column":8},"end":{"line":107,"column":22}},{"start":{"line":107,"column":26},"end":{"line":107,"column":51}}]},"14":{"loc":{"start":{"line":123,"column":18},"end":{"line":123,"column":39}},"type":"binary-expr","locations":[{"start":{"line":123,"column":18},"end":{"line":123,"column":39}},{"start":{"line":123,"column":43},"end":{"line":123,"column":61}}]},"15":{"loc":{"start":{"line":137,"column":18},"end":{"line":137,"column":54}},"type":"binary-expr","locations":[{"start":{"line":137,"column":18},"end":{"line":137,"column":54}},{"start":{"line":137,"column":58},"end":{"line":137,"column":76}}]}},"s":{"0":1,"1":1,"2":1,"3":1,"4":1,"5":1,"6":1,"7":1,"8":6,"9":6,"10":1,"11":11,"12":1,"13":11,"14":1,"15":11,"16":11,"17":1,"18":10,"19":1,"20":6,"21":6,"22":6,"23":6,"24":6,"25":5,"26":5,"27":5,"28":5,"29":6,"30":1,"31":6,"32":1,"33":6,"34":1,"35":6,"36":1,"37":0,"38":0,"39":0,"40":0,"41":0,"42":0,"43":0,"44":0,"45":0,"46":0,"47":0,"48":0,"49":0,"50":0,"51":0,"52":0,"53":0,"54":0,"55":0,"56":1,"57":0,"58":0,"59":0,"60":1,"61":0,"62":1,"63":0,"64":1,"65":12,"66":1,"67":12,"68":1,"69":0,"70":1,"71":12,"72":1,"73":1},"f":{"0":1,"1":6,"2":11,"3":11,"4":11,"5":6,"6":6,"7":6,"8":6,"9":0,"10":0,"11":0,"12":0,"13":12,"14":12,"15":0,"16":12},"b":{"0":[6,6],"1":[1,10],"2":[5,1],"3":[6,3,3],"4":[0,0],"5":[0,0],"6":[0,0],"7":[0,0],"8":[0,0],"9":[0,0],"10":[0,0],"11":[0,0],"12":[0,0],"13":[0,0],"14":[12,2],"15":[12,11]}}
,"/home/chrisj/moocs/udacity/cdci/cdci2021/frontend/src/app/components/SearchBar/index.tsx": {"path":"/home/chrisj/moocs/udacity/cdci/cdci2021/frontend/src/app/components/SearchBar/index.tsx","statementMap":{"0":{"start":{"line":1,"column":0},"end":{"line":1,"column":31}},"1":{"start":{"line":2,"column":0},"end":{"line":2,"column":31}},"2":{"start":{"line":3,"column":0},"end":{"line":3,"column":42}},"3":{"start":{"line":16,"column":0},"end":{"line":16,"column":63}},"4":{"start":{"line":16,"column":31},"end":{"line":16,"column":36}},"5":{"start":{"line":16,"column":0},"end":{"line":16,"column":13}},"6":{"start":{"line":17,"column":2},"end":{"line":20,"column":4}},"7":{"start":{"line":32,"column":2},"end":{"line":36,"column":null}},"8":{"start":{"line":33,"column":4},"end":{"line":35,"column":7}},"9":{"start":{"line":38,"column":2},"end":{"line":42,"column":null}},"10":{"start":{"line":39,"column":4},"end":{"line":41,"column":7}},"11":{"start":{"line":44,"column":2},"end":{"line":48,"column":null}},"12":{"start":{"line":45,"column":4},"end":{"line":47,"column":7}},"13":{"start":{"line":50,"column":2},"end":{"line":100,"column":null}},"14":{"start":{"line":52,"column":4},"end":{"line":99,"column":6}},"15":{"start":{"line":101,"column":0},"end":{"line":101,"column":null}},"16":{"start":{"line":16,"column":13},"end":{"line":16,"column":22}}},"fnMap":{"0":{"name":"(anonymous_6)","decl":{"start":{"line":16,"column":0},"end":{"line":16,"column":13}},"loc":{"start":{"line":16,"column":0},"end":{"line":101,"column":null}}},"1":{"name":"(anonymous_8)","decl":{"start":{"line":32,"column":18},"end":{"line":32,"column":19}},"loc":{"start":{"line":32,"column":60},"end":{"line":36,"column":3}}},"2":{"name":"(anonymous_9)","decl":{"start":{"line":38,"column":17},"end":{"line":38,"column":18}},"loc":{"start":{"line":38,"column":59},"end":{"line":42,"column":3}}},"3":{"name":"(anonymous_10)","decl":{"start":{"line":44,"column":24},"end":{"line":44,"column":25}},"loc":{"start":{"line":44,"column":67},"end":{"line":48,"column":3}}},"4":{"name":"(anonymous_11)","decl":{"start":{"line":50,"column":2},"end":{"line":50,"column":8}},"loc":{"start":{"line":50,"column":2},"end":{"line":100,"column":3}}}},"branchMap":{"0":{"loc":{"start":{"line":16,"column":0},"end":{"line":16,"column":13}},"type":"binary-expr","locations":[{"start":{"line":16,"column":0},"end":{"line":16,"column":13}},{"start":{"line":16,"column":0},"end":{"line":16,"column":13}},{"start":{"line":16,"column":0},"end":{"line":16,"column":13}}]},"1":{"loc":{"start":{"line":87,"column":44},"end":{"line":87,"column":54}},"type":"cond-expr","locations":[{"start":{"line":87,"column":44},"end":{"line":87,"column":54}},{"start":{"line":87,"column":57},"end":{"line":87,"column":67}}]}},"s":{"0":0,"1":0,"2":0,"3":0,"4":0,"5":0,"6":0,"7":0,"8":0,"9":0,"10":0,"11":0,"12":0,"13":0,"14":0,"15":0,"16":0},"f":{"0":0,"1":0,"2":0,"3":0,"4":0},"b":{"0":[0,0,0],"1":[0,0]}}
,"/home/chrisj/moocs/udacity/cdci/cdci2021/frontend/src/app/components/SearchInput/index.tsx": {"path":"/home/chrisj/moocs/udacity/cdci/cdci2021/frontend/src/app/components/SearchInput/index.tsx","statementMap":{"0":{"start":{"line":1,"column":0},"end":{"line":1,"column":31}},"1":{"start":{"line":2,"column":0},"end":{"line":2,"column":34}},"2":{"start":{"line":3,"column":0},"end":{"line":3,"column":38}},"3":{"start":{"line":4,"column":0},"end":{"line":4,"column":56}},"4":{"start":{"line":5,"column":0},"end":{"line":5,"column":65}},"5":{"start":{"line":6,"column":0},"end":{"line":6,"column":60}},"6":{"start":{"line":23,"column":0},"end":{"line":23,"column":null}},"7":{"start":{"line":23,"column":33},"end":{"line":23,"column":42}},"8":{"start":{"line":29,"column":4},"end":{"line":29,"column":null}},"9":{"start":{"line":49,"column":2},"end":{"line":65,"column":null}},"10":{"start":{"line":50,"column":4},"end":{"line":52,"column":null}},"11":{"start":{"line":51,"column":6},"end":{"line":51,"column":61}},"12":{"start":{"line":53,"column":4},"end":{"line":64,"column":7}},"13":{"start":{"line":56,"column":27},"end":{"line":56,"column":48}},"14":{"start":{"line":58,"column":10},"end":{"line":59,"column":57}},"15":{"start":{"line":60,"column":8},"end":{"line":62,"column":null}},"16":{"start":{"line":61,"column":10},"end":{"line":61,"column":48}},"17":{"start":{"line":67,"column":2},"end":{"line":75,"column":null}},"18":{"start":{"line":68,"column":10},"end":{"line":68,"column":12}},"19":{"start":{"line":68,"column":12},"end":{"line":68,"column":22}},"20":{"start":{"line":68,"column":24},"end":{"line":68,"column":52}},"21":{"start":{"line":70,"column":4},"end":{"line":74,"column":null}},"22":{"start":{"line":71,"column":6},"end":{"line":71,"column":69}},"23":{"start":{"line":71,"column":25},"end":{"line":71,"column":69}},"24":{"start":{"line":73,"column":6},"end":{"line":73,"column":44}},"25":{"start":{"line":30,"column":4},"end":{"line":30,"column":55}},"26":{"start":{"line":31,"column":4},"end":{"line":31,"column":28}},"27":{"start":{"line":32,"column":4},"end":{"line":35,"column":6}},"28":{"start":{"line":38,"column":2},"end":{"line":47,"column":null}},"29":{"start":{"line":39,"column":4},"end":{"line":43,"column":null}},"30":{"start":{"line":40,"column":6},"end":{"line":42,"column":9}},"31":{"start":{"line":44,"column":4},"end":{"line":46,"column":null}},"32":{"start":{"line":45,"column":6},"end":{"line":45,"column":31}},"33":{"start":{"line":77,"column":2},"end":{"line":109,"column":null}},"34":{"start":{"line":77,"column":2},"end":{"line":77,"column":8}},"35":{"start":{"line":78,"column":4},"end":{"line":78,"column":50}},"36":{"start":{"line":78,"column":38},"end":{"line":78,"column":50}},"37":{"start":{"line":80,"column":4},"end":{"line":108,"column":6}},"38":{"start":{"line":94,"column":12},"end":{"line":94,"column":37}},"39":{"start":{"line":100,"column":27},"end":{"line":100,"column":null}},"40":{"start":{"line":110,"column":0},"end":{"line":110,"column":null}},"41":{"start":{"line":23,"column":13},"end":{"line":23,"column":24}}},"fnMap":{"0":{"name":"(anonymous_6)","decl":{"start":{"line":23,"column":0},"end":{"line":23,"column":13}},"loc":{"start":{"line":23,"column":0},"end":{"line":110,"column":null}}},"1":{"name":"SearchInput","decl":{"start":{"line":28,"column":2},"end":{"line":28,"column":14}},"loc":{"start":{"line":28,"column":38},"end":{"line":36,"column":3}}},"2":{"name":"(anonymous_8)","decl":{"start":{"line":49,"column":19},"end":{"line":49,"column":20}},"loc":{"start":{"line":49,"column":62},"end":{"line":65,"column":3}}},"3":{"name":"(anonymous_9)","decl":{"start":{"line":55,"column":32},"end":{"line":55,"column":null}},"loc":{"start":{"line":55,"column":32},"end":{"line":63,"column":7}}},"4":{"name":"(anonymous_10)","decl":{"start":{"line":67,"column":18},"end":{"line":67,"column":19}},"loc":{"start":{"line":67,"column":63},"end":{"line":75,"column":3}}},"5":{"name":"(anonymous_11)","decl":{"start":{"line":38,"column":2},"end":{"line":38,"column":20}},"loc":{"start":{"line":38,"column":49},"end":{"line":47,"column":3}}},"6":{"name":"(anonymous_12)","decl":{"start":{"line":77,"column":2},"end":{"line":77,"column":8}},"loc":{"start":{"line":77,"column":2},"end":{"line":109,"column":3}}},"7":{"name":"(anonymous_13)","decl":{"start":{"line":93,"column":15},"end":{"line":93,"column":20}},"loc":{"start":{"line":93,"column":20},"end":{"line":95,"column":11}}},"8":{"name":"(anonymous_14)","decl":{"start":{"line":100,"column":21},"end":{"line":100,"column":27}},"loc":{"start":{"line":100,"column":21},"end":{"line":100,"column":31}}}},"branchMap":{"0":{"loc":{"start":{"line":29,"column":4},"end":{"line":29,"column":16}},"type":"binary-expr","locations":[{"start":{"line":29,"column":4},"end":{"line":29,"column":16}},{"start":{"line":29,"column":16},"end":{"line":29,"column":null}}]},"1":{"loc":{"start":{"line":50,"column":4},"end":{"line":52,"column":null}},"type":"if","locations":[{"start":{"line":50,"column":4},"end":{"line":52,"column":null}},{"start":{"line":50,"column":4},"end":{"line":52,"column":null}}]},"2":{"loc":{"start":{"line":58,"column":10},"end":{"line":58,"column":33}},"type":"binary-expr","locations":[{"start":{"line":58,"column":10},"end":{"line":58,"column":33}},{"start":{"line":59,"column":10},"end":{"line":59,"column":57}}]},"3":{"loc":{"start":{"line":60,"column":8},"end":{"line":62,"column":null}},"type":"if","locations":[{"start":{"line":60,"column":8},"end":{"line":62,"column":null}},{"start":{"line":60,"column":8},"end":{"line":62,"column":null}}]},"4":{"loc":{"start":{"line":60,"column":12},"end":{"line":60,"column":34}},"type":"binary-expr","locations":[{"start":{"line":60,"column":12},"end":{"line":60,"column":34}},{"start":{"line":60,"column":38},"end":{"line":60,"column":55}}]},"5":{"loc":{"start":{"line":70,"column":4},"end":{"line":74,"column":null}},"type":"if","locations":[{"start":{"line":70,"column":4},"end":{"line":74,"column":null}},{"start":{"line":70,"column":4},"end":{"line":74,"column":null}}]},"6":{"loc":{"start":{"line":70,"column":8},"end":{"line":70,"column":29}},"type":"binary-expr","locations":[{"start":{"line":70,"column":8},"end":{"line":70,"column":29}},{"start":{"line":70,"column":33},"end":{"line":70,"column":43}}]},"7":{"loc":{"start":{"line":71,"column":6},"end":{"line":71,"column":69}},"type":"if","locations":[{"start":{"line":71,"column":6},"end":{"line":71,"column":69}},{"start":{"line":71,"column":6},"end":{"line":71,"column":69}}]},"8":{"loc":{"start":{"line":39,"column":4},"end":{"line":43,"column":null}},"type":"if","locations":[{"start":{"line":39,"column":4},"end":{"line":43,"column":null}},{"start":{"line":39,"column":4},"end":{"line":43,"column":null}}]},"9":{"loc":{"start":{"line":44,"column":4},"end":{"line":46,"column":null}},"type":"if","locations":[{"start":{"line":44,"column":4},"end":{"line":46,"column":null}},{"start":{"line":44,"column":4},"end":{"line":46,"column":null}}]},"10":{"loc":{"start":{"line":78,"column":4},"end":{"line":78,"column":50}},"type":"if","locations":[{"start":{"line":78,"column":4},"end":{"line":78,"column":50}},{"start":{"line":78,"column":4},"end":{"line":78,"column":50}}]},"11":{"loc":{"start":{"line":98,"column":10},"end":{"line":102,"column":null}},"type":"cond-expr","locations":[{"start":{"line":98,"column":10},"end":{"line":102,"column":null}},{"start":{"line":105,"column":10},"end":{"line":105,"column":12}}]}},"s":{"0":0,"1":0,"2":0,"3":0,"4":0,"5":0,"6":0,"7":0,"8":0,"9":0,"10":0,"11":0,"12":0,"13":0,"14":0,"15":0,"16":0,"17":0,"18":0,"19":0,"20":0,"21":0,"22":0,"23":0,"24":0,"25":0,"26":0,"27":0,"28":0,"29":0,"30":0,"31":0,"32":0,"33":0,"34":0,"35":0,"36":0,"37":0,"38":0,"39":0,"40":0,"41":0},"f":{"0":0,"1":0,"2":0,"3":0,"4":0,"5":0,"6":0,"7":0,"8":0},"b":{"0":[0,0],"1":[0,0],"2":[0,0],"3":[0,0],"4":[0,0],"5":[0,0],"6":[0,0],"7":[0,0],"8":[0,0],"9":[0,0],"10":[0,0],"11":[0,0]}}
,"/home/chrisj/moocs/udacity/cdci/cdci2021/frontend/src/app/components/Table/index.tsx": {"path":"/home/chrisj/moocs/udacity/cdci/cdci2021/frontend/src/app/components/Table/index.tsx","statementMap":{"0":{"start":{"line":1,"column":0},"end":{"line":1,"column":31}},"1":{"start":{"line":2,"column":0},"end":{"line":2,"column":34}},"2":{"start":{"line":3,"column":0},"end":{"line":3,"column":36}},"3":{"start":{"line":4,"column":0},"end":{"line":4,"column":62}},"4":{"start":{"line":6,"column":0},"end":{"line":6,"column":45}},"5":{"start":{"line":7,"column":0},"end":{"line":7,"column":38}},"6":{"start":{"line":8,"column":0},"end":{"line":8,"column":31}},"7":{"start":{"line":9,"column":0},"end":{"line":9,"column":27}},"8":{"start":{"line":30,"column":0},"end":{"line":30,"column":62}},"9":{"start":{"line":30,"column":27},"end":{"line":30,"column":36}},"10":{"start":{"line":32,"column":4},"end":{"line":32,"column":null}},"11":{"start":{"line":50,"column":2},"end":{"line":50,"column":77}},"12":{"start":{"line":50,"column":26},"end":{"line":50,"column":77}},"13":{"start":{"line":52,"column":2},"end":{"line":55,"column":4}},"14":{"start":{"line":74,"column":2},"end":{"line":81,"column":null}},"15":{"start":{"line":75,"column":4},"end":{"line":75,"column":23}},"16":{"start":{"line":76,"column":4},"end":{"line":76,"column":47}},"17":{"start":{"line":76,"column":40},"end":{"line":76,"column":47}},"18":{"start":{"line":77,"column":4},"end":{"line":79,"column":7}},"19":{"start":{"line":80,"column":4},"end":{"line":80,"column":63}},"20":{"start":{"line":83,"column":2},"end":{"line":90,"column":null}},"21":{"start":{"line":84,"column":4},"end":{"line":84,"column":23}},"22":{"start":{"line":85,"column":4},"end":{"line":85,"column":48}},"23":{"start":{"line":85,"column":41},"end":{"line":85,"column":48}},"24":{"start":{"line":86,"column":4},"end":{"line":88,"column":7}},"25":{"start":{"line":89,"column":4},"end":{"line":89,"column":63}},"26":{"start":{"line":33,"column":4},"end":{"line":33,"column":63}},"27":{"start":{"line":34,"column":4},"end":{"line":38,"column":6}},"28":{"start":{"line":41,"column":2},"end":{"line":48,"column":null}},"29":{"start":{"line":42,"column":4},"end":{"line":47,"column":7}},"30":{"start":{"line":57,"column":2},"end":{"line":72,"column":null}},"31":{"start":{"line":57,"column":2},"end":{"line":57,"column":19}},"32":{"start":{"line":58,"column":4},"end":{"line":58,"column":27}},"33":{"start":{"line":59,"column":4},"end":{"line":61,"column":null}},"34":{"start":{"line":60,"column":6},"end":{"line":60,"column":61}},"35":{"start":{"line":62,"column":4},"end":{"line":71,"column":7}},"36":{"start":{"line":65,"column":27},"end":{"line":65,"column":48}},"37":{"start":{"line":66,"column":34},"end":{"line":66,"column":57}},"38":{"start":{"line":67,"column":8},"end":{"line":69,"column":null}},"39":{"start":{"line":68,"column":10},"end":{"line":68,"column":53}},"40":{"start":{"line":92,"column":2},"end":{"line":183,"column":null}},"41":{"start":{"line":92,"column":2},"end":{"line":92,"column":8}},"42":{"start":{"line":93,"column":10},"end":{"line":93,"column":12}},"43":{"start":{"line":93,"column":12},"end":{"line":93,"column":16}},"44":{"start":{"line":93,"column":18},"end":{"line":93,"column":25}},"45":{"start":{"line":93,"column":27},"end":{"line":93,"column":34}},"46":{"start":{"line":93,"column":36},"end":{"line":93,"column":64}},"47":{"start":{"line":94,"column":4},"end":{"line":182,"column":6}},"48":{"start":{"line":169,"column":37},"end":{"line":171,"column":null}},"49":{"start":{"line":184,"column":0},"end":{"line":184,"column":null}},"50":{"start":{"line":30,"column":13},"end":{"line":30,"column":18}}},"fnMap":{"0":{"name":"(anonymous_8)","decl":{"start":{"line":30,"column":0},"end":{"line":30,"column":13}},"loc":{"start":{"line":30,"column":0},"end":{"line":184,"column":null}}},"1":{"name":"Table","decl":{"start":{"line":31,"column":2},"end":{"line":31,"column":14}},"loc":{"start":{"line":31,"column":47},"end":{"line":39,"column":3}}},"2":{"name":"(anonymous_10)","decl":{"start":{"line":50,"column":20},"end":{"line":50,"column":26}},"loc":{"start":{"line":50,"column":20},"end":{"line":50,"column":27}}},"3":{"name":"(anonymous_11)","decl":{"start":{"line":74,"column":14},"end":{"line":74,"column":15}},"loc":{"start":{"line":74,"column":21},"end":{"line":81,"column":3}}},"4":{"name":"(anonymous_12)","decl":{"start":{"line":83,"column":21},"end":{"line":83,"column":22}},"loc":{"start":{"line":83,"column":28},"end":{"line":90,"column":3}}},"5":{"name":"(anonymous_13)","decl":{"start":{"line":41,"column":2},"end":{"line":41,"column":14}},"loc":{"start":{"line":41,"column":2},"end":{"line":48,"column":3}}},"6":{"name":"(anonymous_14)","decl":{"start":{"line":57,"column":2},"end":{"line":57,"column":19}},"loc":{"start":{"line":57,"column":62},"end":{"line":72,"column":3}}},"7":{"name":"(anonymous_15)","decl":{"start":{"line":64,"column":32},"end":{"line":64,"column":null}},"loc":{"start":{"line":64,"column":32},"end":{"line":70,"column":7}}},"8":{"name":"(anonymous_16)","decl":{"start":{"line":92,"column":2},"end":{"line":92,"column":8}},"loc":{"start":{"line":92,"column":2},"end":{"line":183,"column":3}}},"9":{"name":"(anonymous_17)","decl":{"start":{"line":169,"column":31},"end":{"line":169,"column":37}},"loc":{"start":{"line":169,"column":31},"end":{"line":169,"column":null}}}},"branchMap":{"0":{"loc":{"start":{"line":32,"column":4},"end":{"line":32,"column":25}},"type":"binary-expr","locations":[{"start":{"line":32,"column":4},"end":{"line":32,"column":25}},{"start":{"line":32,"column":25},"end":{"line":32,"column":null}}]},"1":{"loc":{"start":{"line":50,"column":42},"end":{"line":50,"column":64}},"type":"binary-expr","locations":[{"start":{"line":50,"column":42},"end":{"line":50,"column":64}},{"start":{"line":50,"column":68},"end":{"line":50,"column":70}}]},"2":{"loc":{"start":{"line":76,"column":4},"end":{"line":76,"column":47}},"type":"if","locations":[{"start":{"line":76,"column":4},"end":{"line":76,"column":47}},{"start":{"line":76,"column":4},"end":{"line":76,"column":47}}]},"3":{"loc":{"start":{"line":85,"column":4},"end":{"line":85,"column":48}},"type":"if","locations":[{"start":{"line":85,"column":4},"end":{"line":85,"column":48}},{"start":{"line":85,"column":4},"end":{"line":85,"column":48}}]},"4":{"loc":{"start":{"line":59,"column":4},"end":{"line":61,"column":null}},"type":"if","locations":[{"start":{"line":59,"column":4},"end":{"line":61,"column":null}},{"start":{"line":59,"column":4},"end":{"line":61,"column":null}}]},"5":{"loc":{"start":{"line":67,"column":8},"end":{"line":69,"column":null}},"type":"if","locations":[{"start":{"line":67,"column":8},"end":{"line":69,"column":null}},{"start":{"line":67,"column":8},"end":{"line":69,"column":null}}]},"6":{"loc":{"start":{"line":67,"column":12},"end":{"line":67,"column":34}},"type":"binary-expr","locations":[{"start":{"line":67,"column":12},"end":{"line":67,"column":34}},{"start":{"line":67,"column":38},"end":{"line":67,"column":55}}]},"7":{"loc":{"start":{"line":118,"column":62},"end":{"line":118,"column":73}},"type":"cond-expr","locations":[{"start":{"line":118,"column":62},"end":{"line":118,"column":73}},{"start":{"line":118,"column":76},"end":{"line":118,"column":78}}]},"8":{"loc":{"start":{"line":127,"column":62},"end":{"line":127,"column":64}},"type":"cond-expr","locations":[{"start":{"line":127,"column":62},"end":{"line":127,"column":64}},{"start":{"line":127,"column":67},"end":{"line":127,"column":78}}]}},"s":{"0":0,"1":0,"2":0,"3":0,"4":0,"5":0,"6":0,"7":0,"8":0,"9":0,"10":0,"11":0,"12":0,"13":0,"14":0,"15":0,"16":0,"17":0,"18":0,"19":0,"20":0,"21":0,"22":0,"23":0,"24":0,"25":0,"26":0,"27":0,"28":0,"29":0,"30":0,"31":0,"32":0,"33":0,"34":0,"35":0,"36":0,"37":0,"38":0,"39":0,"40":0,"41":0,"42":0,"43":0,"44":0,"45":0,"46":0,"47":0,"48":0,"49":0,"50":0},"f":{"0":0,"1":0,"2":0,"3":0,"4":0,"5":0,"6":0,"7":0,"8":0,"9":0},"b":{"0":[0,0],"1":[0,0],"2":[0,0],"3":[0,0],"4":[0,0],"5":[0,0],"6":[0,0],"7":[0,0],"8":[0,0]}}
,"/home/chrisj/moocs/udacity/cdci/cdci2021/frontend/src/app/containers/Employee/actions/employees.ts": {"path":"/home/chrisj/moocs/udacity/cdci/cdci2021/frontend/src/app/containers/Employee/actions/employees.ts","statementMap":{"0":{"start":{"line":2,"column":0},"end":{"line":2,"column":45}},"1":{"start":{"line":11,"column":0},"end":{"line":11,"column":79}},"2":{"start":{"line":12,"column":0},"end":{"line":12,"column":42}},"3":{"start":{"line":13,"column":0},"end":{"line":13,"column":75}},"4":{"start":{"line":14,"column":0},"end":{"line":14,"column":51}},"5":{"start":{"line":16,"column":0},"end":{"line":16,"column":null}},"6":{"start":{"line":17,"column":2},"end":{"line":17,"column":null}},"7":{"start":{"line":18,"column":4},"end":{"line":18,"column":null}},"8":{"start":{"line":19,"column":4},"end":{"line":19,"column":null}},"9":{"start":{"line":20,"column":4},"end":{"line":20,"column":null}},"10":{"start":{"line":21,"column":4},"end":{"line":21,"column":null}},"11":{"start":{"line":22,"column":4},"end":{"line":22,"column":null}},"12":{"start":{"line":23,"column":4},"end":{"line":23,"column":null}},"13":{"start":{"line":24,"column":4},"end":{"line":24,"column":null}},"14":{"start":{"line":25,"column":4},"end":{"line":25,"column":null}},"15":{"start":{"line":26,"column":4},"end":{"line":26,"column":null}},"16":{"start":{"line":27,"column":4},"end":{"line":27,"column":null}},"17":{"start":{"line":28,"column":4},"end":{"line":28,"column":null}},"18":{"start":{"line":29,"column":4},"end":{"line":29,"column":null}},"19":{"start":{"line":30,"column":4},"end":{"line":30,"column":null}},"20":{"start":{"line":34,"column":15},"end":{"line":36,"column":4}},"21":{"start":{"line":37,"column":15},"end":{"line":39,"column":4}},"22":{"start":{"line":40,"column":15},"end":{"line":42,"column":4}},"23":{"start":{"line":45,"column":15},"end":{"line":45,"column":76}},"24":{"start":{"line":46,"column":15},"end":{"line":48,"column":4}},"25":{"start":{"line":49,"column":15},"end":{"line":51,"column":4}},"26":{"start":{"line":54,"column":15},"end":{"line":56,"column":4}},"27":{"start":{"line":57,"column":15},"end":{"line":59,"column":4}},"28":{"start":{"line":60,"column":15},"end":{"line":62,"column":4}},"29":{"start":{"line":64,"column":15},"end":{"line":66,"column":4}},"30":{"start":{"line":67,"column":15},"end":{"line":69,"column":4}},"31":{"start":{"line":70,"column":15},"end":{"line":72,"column":4}},"32":{"start":{"line":74,"column":15},"end":{"line":76,"column":4}},"33":{"start":{"line":79,"column":2},"end":{"line":79,"column":18}},"34":{"start":{"line":82,"column":4},"end":{"line":92,"column":6}},"35":{"start":{"line":82,"column":36},"end":{"line":92,"column":6}},"36":{"start":{"line":83,"column":6},"end":{"line":83,"column":40}},"37":{"start":{"line":85,"column":14},"end":{"line":85,"column":55}},"38":{"start":{"line":86,"column":25},"end":{"line":86,"column":null}},"39":{"start":{"line":86,"column":14},"end":{"line":86,"column":null}},"40":{"start":{"line":87,"column":8},"end":{"line":87,"column":50}},"41":{"start":{"line":89,"column":8},"end":{"line":89,"column":29}},"42":{"start":{"line":90,"column":8},"end":{"line":90,"column":47}},"43":{"start":{"line":79,"column":18},"end":{"line":93,"column":null}},"44":{"start":{"line":95,"column":15},"end":{"line":110,"column":4}},"45":{"start":{"line":96,"column":4},"end":{"line":109,"column":6}},"46":{"start":{"line":96,"column":36},"end":{"line":109,"column":6}},"47":{"start":{"line":97,"column":6},"end":{"line":97,"column":37}},"48":{"start":{"line":99,"column":14},"end":{"line":99,"column":55}},"49":{"start":{"line":100,"column":25},"end":{"line":100,"column":null}},"50":{"start":{"line":100,"column":14},"end":{"line":100,"column":null}},"51":{"start":{"line":101,"column":8},"end":{"line":101,"column":47}},"52":{"start":{"line":102,"column":8},"end":{"line":102,"column":37}},"53":{"start":{"line":103,"column":8},"end":{"line":103,"column":52}},"54":{"start":{"line":105,"column":8},"end":{"line":105,"column":29}},"55":{"start":{"line":106,"column":8},"end":{"line":106,"column":50}},"56":{"start":{"line":107,"column":8},"end":{"line":107,"column":44}},"57":{"start":{"line":112,"column":15},"end":{"line":122,"column":4}},"58":{"start":{"line":113,"column":4},"end":{"line":121,"column":6}},"59":{"start":{"line":113,"column":11},"end":{"line":121,"column":6}},"60":{"start":{"line":115,"column":8},"end":{"line":115,"column":68}},"61":{"start":{"line":116,"column":8},"end":{"line":116,"column":66}},"62":{"start":{"line":118,"column":8},"end":{"line":118,"column":29}},"63":{"start":{"line":119,"column":8},"end":{"line":119,"column":50}},"64":{"start":{"line":123,"column":15},"end":{"line":133,"column":4}},"65":{"start":{"line":124,"column":4},"end":{"line":132,"column":6}},"66":{"start":{"line":124,"column":11},"end":{"line":132,"column":6}},"67":{"start":{"line":126,"column":8},"end":{"line":126,"column":66}},"68":{"start":{"line":127,"column":8},"end":{"line":127,"column":66}},"69":{"start":{"line":129,"column":8},"end":{"line":129,"column":29}},"70":{"start":{"line":130,"column":8},"end":{"line":130,"column":50}},"71":{"start":{"line":135,"column":15},"end":{"line":147,"column":null}},"72":{"start":{"line":139,"column":7},"end":{"line":147,"column":null}},"73":{"start":{"line":141,"column":6},"end":{"line":141,"column":79}},"74":{"start":{"line":142,"column":6},"end":{"line":142,"column":64}},"75":{"start":{"line":144,"column":6},"end":{"line":144,"column":27}},"76":{"start":{"line":145,"column":6},"end":{"line":145,"column":60}},"77":{"start":{"line":149,"column":14},"end":{"line":161,"column":null}},"78":{"start":{"line":153,"column":5},"end":{"line":161,"column":null}},"79":{"start":{"line":155,"column":4},"end":{"line":155,"column":77}},"80":{"start":{"line":156,"column":4},"end":{"line":156,"column":null}},"81":{"start":{"line":158,"column":4},"end":{"line":158,"column":25}},"82":{"start":{"line":159,"column":4},"end":{"line":159,"column":58}},"83":{"start":{"line":163,"column":15},"end":{"line":175,"column":null}},"84":{"start":{"line":167,"column":7},"end":{"line":175,"column":null}},"85":{"start":{"line":169,"column":6},"end":{"line":169,"column":79}},"86":{"start":{"line":170,"column":6},"end":{"line":170,"column":64}},"87":{"start":{"line":172,"column":6},"end":{"line":172,"column":27}},"88":{"start":{"line":173,"column":6},"end":{"line":173,"column":60}},"89":{"start":{"line":177,"column":15},"end":{"line":188,"column":null}},"90":{"start":{"line":180,"column":7},"end":{"line":188,"column":null}},"91":{"start":{"line":182,"column":6},"end":{"line":182,"column":68}},"92":{"start":{"line":183,"column":6},"end":{"line":183,"column":64}},"93":{"start":{"line":185,"column":6},"end":{"line":185,"column":27}},"94":{"start":{"line":186,"column":6},"end":{"line":186,"column":60}},"95":{"start":{"line":190,"column":15},"end":{"line":201,"column":null}},"96":{"start":{"line":193,"column":7},"end":{"line":201,"column":null}},"97":{"start":{"line":195,"column":6},"end":{"line":195,"column":70}},"98":{"start":{"line":196,"column":6},"end":{"line":196,"column":64}},"99":{"start":{"line":198,"column":6},"end":{"line":198,"column":27}},"100":{"start":{"line":199,"column":6},"end":{"line":199,"column":60}}},"fnMap":{"0":{"name":"(anonymous_12)","decl":{"start":{"line":16,"column":0},"end":{"line":16,"column":17}},"loc":{"start":{"line":16,"column":32},"end":{"line":202,"column":1}}},"1":{"name":"(anonymous_13)","decl":{"start":{"line":17,"column":2},"end":{"line":17,"column":14}},"loc":{"start":{"line":17,"column":18},"end":{"line":31,"column":3}}},"2":{"name":"fetchEmployees","decl":{"start":{"line":79,"column":18},"end":{"line":79,"column":32}},"loc":{"start":{"line":80,"column":23},"end":{"line":93,"column":3}}},"3":{"name":"(anonymous_15)","decl":{"start":{"line":82,"column":11},"end":{"line":82,"column":18}},"loc":{"start":{"line":82,"column":36},"end":{"line":92,"column":6}}},"4":{"name":"(anonymous_16)","decl":{"start":{"line":82,"column":36},"end":{"line":82,"column":null}},"loc":{"start":{"line":82,"column":36},"end":{"line":92,"column":6}}},"5":{"name":"(anonymous_18)","decl":{"start":{"line":95,"column":29},"end":{"line":95,"column":30}},"loc":{"start":{"line":95,"column":52},"end":{"line":110,"column":3}}},"6":{"name":"(anonymous_19)","decl":{"start":{"line":96,"column":11},"end":{"line":96,"column":18}},"loc":{"start":{"line":96,"column":36},"end":{"line":109,"column":6}}},"7":{"name":"(anonymous_20)","decl":{"start":{"line":96,"column":36},"end":{"line":96,"column":null}},"loc":{"start":{"line":96,"column":36},"end":{"line":109,"column":6}}},"8":{"name":"(anonymous_22)","decl":{"start":{"line":112,"column":36},"end":{"line":112,"column":37}},"loc":{"start":{"line":112,"column":55},"end":{"line":122,"column":3}}},"9":{"name":"(anonymous_23)","decl":{"start":{"line":113,"column":11},"end":{"line":113,"column":null}},"loc":{"start":{"line":113,"column":11},"end":{"line":121,"column":6}}},"10":{"name":"(anonymous_26)","decl":{"start":{"line":123,"column":34},"end":{"line":123,"column":35}},"loc":{"start":{"line":123,"column":53},"end":{"line":133,"column":3}}},"11":{"name":"(anonymous_27)","decl":{"start":{"line":124,"column":11},"end":{"line":124,"column":null}},"loc":{"start":{"line":124,"column":11},"end":{"line":132,"column":6}}},"12":{"name":"(anonymous_30)","decl":{"start":{"line":135,"column":35},"end":{"line":135,"column":null}},"loc":{"start":{"line":138,"column":21},"end":{"line":139,"column":null}}},"13":{"name":"(anonymous_31)","decl":{"start":{"line":139,"column":7},"end":{"line":139,"column":null}},"loc":{"start":{"line":139,"column":7},"end":{"line":147,"column":null}}},"14":{"name":"(anonymous_34)","decl":{"start":{"line":149,"column":34},"end":{"line":149,"column":null}},"loc":{"start":{"line":152,"column":19},"end":{"line":153,"column":null}}},"15":{"name":"(anonymous_35)","decl":{"start":{"line":153,"column":5},"end":{"line":153,"column":null}},"loc":{"start":{"line":153,"column":5},"end":{"line":161,"column":null}}},"16":{"name":"(anonymous_38)","decl":{"start":{"line":163,"column":33},"end":{"line":163,"column":null}},"loc":{"start":{"line":166,"column":21},"end":{"line":167,"column":null}}},"17":{"name":"(anonymous_39)","decl":{"start":{"line":167,"column":7},"end":{"line":167,"column":null}},"loc":{"start":{"line":167,"column":7},"end":{"line":175,"column":null}}},"18":{"name":"(anonymous_42)","decl":{"start":{"line":177,"column":29},"end":{"line":177,"column":null}},"loc":{"start":{"line":179,"column":37},"end":{"line":180,"column":null}}},"19":{"name":"(anonymous_43)","decl":{"start":{"line":180,"column":7},"end":{"line":180,"column":null}},"loc":{"start":{"line":180,"column":7},"end":{"line":188,"column":null}}},"20":{"name":"(anonymous_46)","decl":{"start":{"line":190,"column":31},"end":{"line":190,"column":null}},"loc":{"start":{"line":192,"column":39},"end":{"line":193,"column":null}}},"21":{"name":"(anonymous_47)","decl":{"start":{"line":193,"column":7},"end":{"line":193,"column":null}},"loc":{"start":{"line":193,"column":7},"end":{"line":201,"column":null}}}},"branchMap":{"0":{"loc":{"start":{"line":17,"column":14},"end":{"line":17,"column":18}},"type":"binary-expr","locations":[{"start":{"line":17,"column":14},"end":{"line":17,"column":18}},{"start":{"line":17,"column":14},"end":{"line":17,"column":null}}]},"1":{"loc":{"start":{"line":16,"column":17},"end":{"line":16,"column":32}},"type":"binary-expr","locations":[{"start":{"line":16,"column":17},"end":{"line":16,"column":32}},{"start":{"line":16,"column":17},"end":{"line":16,"column":null}}]}},"s":{"0":1,"1":1,"2":1,"3":1,"4":1,"5":1,"6":1,"7":1,"8":1,"9":1,"10":1,"11":1,"12":1,"13":1,"14":1,"15":1,"16":1,"17":1,"18":1,"19":1,"20":1,"21":1,"22":1,"23":1,"24":1,"25":1,"26":1,"27":1,"28":1,"29":1,"30":1,"31":1,"32":1,"33":0,"34":0,"35":0,"36":0,"37":0,"38":0,"39":0,"40":0,"41":0,"42":0,"43":1,"44":1,"45":0,"46":0,"47":0,"48":0,"49":0,"50":0,"51":0,"52":0,"53":0,"54":0,"55":0,"56":0,"57":1,"58":0,"59":0,"60":0,"61":0,"62":0,"63":0,"64":1,"65":0,"66":0,"67":0,"68":0,"69":0,"70":0,"71":1,"72":0,"73":0,"74":0,"75":0,"76":0,"77":1,"78":0,"79":0,"80":0,"81":0,"82":0,"83":1,"84":0,"85":0,"86":0,"87":0,"88":0,"89":1,"90":0,"91":0,"92":0,"93":0,"94":0,"95":1,"96":0,"97":0,"98":0,"99":0,"100":0},"f":{"0":1,"1":1,"2":0,"3":0,"4":0,"5":0,"6":0,"7":0,"8":0,"9":0,"10":0,"11":0,"12":0,"13":0,"14":0,"15":0,"16":0,"17":0,"18":0,"19":0,"20":0,"21":0},"b":{"0":[1,1],"1":[1,1]}}
,"/home/chrisj/moocs/udacity/cdci/cdci2021/frontend/src/app/containers/Employee/actions/index.ts": {"path":"/home/chrisj/moocs/udacity/cdci/cdci2021/frontend/src/app/containers/Employee/actions/index.ts","statementMap":{"0":{"start":{"line":1,"column":0},"end":{"line":1,"column":28}}},"fnMap":{},"branchMap":{},"s":{"0":1},"f":{},"b":{}}
,"/home/chrisj/moocs/udacity/cdci/cdci2021/frontend/src/app/containers/Employee/components/AddEmployee/index.tsx": {"path":"/home/chrisj/moocs/udacity/cdci/cdci2021/frontend/src/app/containers/Employee/components/AddEmployee/index.tsx","statementMap":{"0":{"start":{"line":1,"column":0},"end":{"line":1,"column":52}},"1":{"start":{"line":2,"column":0},"end":{"line":2,"column":38}},"2":{"start":{"line":3,"column":0},"end":{"line":3,"column":42}},"3":{"start":{"line":5,"column":0},"end":{"line":5,"column":52}},"4":{"start":{"line":6,"column":0},"end":{"line":6,"column":79}},"5":{"start":{"line":8,"column":0},"end":{"line":8,"column":48}},"6":{"start":{"line":9,"column":0},"end":{"line":9,"column":53}},"7":{"start":{"line":10,"column":0},"end":{"line":10,"column":48}},"8":{"start":{"line":11,"column":0},"end":{"line":11,"column":38}},"9":{"start":{"line":12,"column":0},"end":{"line":12,"column":37}},"10":{"start":{"line":13,"column":0},"end":{"line":13,"column":48}},"11":{"start":{"line":15,"column":0},"end":{"line":15,"column":40}},"12":{"start":{"line":16,"column":0},"end":{"line":16,"column":31}},"13":{"start":{"line":17,"column":0},"end":{"line":17,"column":76}},"14":{"start":{"line":18,"column":0},"end":{"line":18,"column":80}},"15":{"start":{"line":20,"column":0},"end":{"line":20,"column":39}},"16":{"start":{"line":57,"column":0},"end":{"line":57,"column":54}},"17":{"start":{"line":57,"column":26},"end":{"line":57,"column":35}},"18":{"start":{"line":62,"column":4},"end":{"line":62,"column":null}},"19":{"start":{"line":59,"column":10},"end":{"line":59,"column":47}},"20":{"start":{"line":89,"column":2},"end":{"line":113,"column":null}},"21":{"start":{"line":90,"column":4},"end":{"line":112,"column":7}},"22":{"start":{"line":115,"column":2},"end":{"line":129,"column":null}},"23":{"start":{"line":115,"column":20},"end":{"line":129,"column":null}},"24":{"start":{"line":116,"column":19},"end":{"line":123,"column":null}},"25":{"start":{"line":116,"column":10},"end":{"line":123,"column":null}},"26":{"start":{"line":125,"column":4},"end":{"line":128,"column":null}},"27":{"start":{"line":126,"column":6},"end":{"line":126,"column":25}},"28":{"start":{"line":127,"column":6},"end":{"line":127,"column":31}},"29":{"start":{"line":131,"column":2},"end":{"line":167,"column":null}},"30":{"start":{"line":131,"column":67},"end":{"line":167,"column":null}},"31":{"start":{"line":132,"column":10},"end":{"line":132,"column":36}},"32":{"start":{"line":133,"column":4},"end":{"line":135,"column":null}},"33":{"start":{"line":134,"column":6},"end":{"line":134,"column":28}},"34":{"start":{"line":136,"column":4},"end":{"line":136,"column":46}},"35":{"start":{"line":136,"column":39},"end":{"line":136,"column":46}},"36":{"start":{"line":138,"column":4},"end":{"line":138,"column":27}},"37":{"start":{"line":139,"column":4},"end":{"line":139,"column":28}},"38":{"start":{"line":141,"column":10},"end":{"line":164,"column":6}},"39":{"start":{"line":166,"column":4},"end":{"line":166,"column":50}},"40":{"start":{"line":169,"column":2},"end":{"line":174,"column":null}},"41":{"start":{"line":170,"column":4},"end":{"line":173,"column":7}},"42":{"start":{"line":176,"column":2},"end":{"line":181,"column":null}},"43":{"start":{"line":177,"column":4},"end":{"line":180,"column":7}},"44":{"start":{"line":183,"column":2},"end":{"line":187,"column":null}},"45":{"start":{"line":184,"column":4},"end":{"line":186,"column":7}},"46":{"start":{"line":219,"column":2},"end":{"line":219,"column":44}},"47":{"start":{"line":220,"column":2},"end":{"line":224,"column":null}},"48":{"start":{"line":221,"column":4},"end":{"line":223,"column":7}},"49":{"start":{"line":226,"column":2},"end":{"line":228,"column":4}},"50":{"start":{"line":230,"column":2},"end":{"line":232,"column":4}},"51":{"start":{"line":234,"column":2},"end":{"line":236,"column":null}},"52":{"start":{"line":235,"column":4},"end":{"line":235,"column":42}},"53":{"start":{"line":238,"column":2},"end":{"line":241,"column":4}},"54":{"start":{"line":64,"column":4},"end":{"line":86,"column":6}},"55":{"start":{"line":189,"column":2},"end":{"line":193,"column":null}},"56":{"start":{"line":190,"column":4},"end":{"line":192,"column":7}},"57":{"start":{"line":195,"column":2},"end":{"line":199,"column":null}},"58":{"start":{"line":196,"column":4},"end":{"line":198,"column":7}},"59":{"start":{"line":201,"column":2},"end":{"line":205,"column":null}},"60":{"start":{"line":202,"column":4},"end":{"line":204,"column":7}},"61":{"start":{"line":207,"column":2},"end":{"line":209,"column":null}},"62":{"start":{"line":208,"column":4},"end":{"line":208,"column":37}},"63":{"start":{"line":211,"column":2},"end":{"line":213,"column":null}},"64":{"start":{"line":212,"column":4},"end":{"line":212,"column":36}},"65":{"start":{"line":215,"column":2},"end":{"line":217,"column":null}},"66":{"start":{"line":216,"column":4},"end":{"line":216,"column":35}},"67":{"start":{"line":243,"column":2},"end":{"line":706,"column":null}},"68":{"start":{"line":243,"column":2},"end":{"line":243,"column":8}},"69":{"start":{"line":244,"column":10},"end":{"line":244,"column":12}},"70":{"start":{"line":244,"column":12},"end":{"line":244,"column":22}},"71":{"start":{"line":244,"column":24},"end":{"line":244,"column":49}},"72":{"start":{"line":247,"column":6},"end":{"line":252,"column":null}},"73":{"start":{"line":255,"column":4},"end":{"line":705,"column":6}},"74":{"start":{"line":658,"column":43},"end":{"line":658,"column":null}},"75":{"start":{"line":673,"column":43},"end":{"line":673,"column":null}},"76":{"start":{"line":707,"column":0},"end":{"line":707,"column":null}},"77":{"start":{"line":710,"column":2},"end":{"line":714,"column":4}},"78":{"start":{"line":720,"column":2},"end":{"line":722,"column":4}},"79":{"start":{"line":725,"column":0},"end":{"line":728,"column":22}}},"fnMap":{"0":{"name":"(anonymous_20)","decl":{"start":{"line":57,"column":0},"end":{"line":57,"column":26}},"loc":{"start":{"line":57,"column":0},"end":{"line":707,"column":null}}},"1":{"name":"AddEmployee","decl":{"start":{"line":61,"column":2},"end":{"line":61,"column":14}},"loc":{"start":{"line":61,"column":53},"end":{"line":87,"column":3}}},"2":{"name":"(anonymous_22)","decl":{"start":{"line":89,"column":16},"end":{"line":89,"column":null}},"loc":{"start":{"line":89,"column":16},"end":{"line":113,"column":3}}},"3":{"name":"(anonymous_23)","decl":{"start":{"line":115,"column":20},"end":{"line":115,"column":null}},"loc":{"start":{"line":115,"column":20},"end":{"line":129,"column":null}}},"4":{"name":"(anonymous_26)","decl":{"start":{"line":131,"column":21},"end":{"line":131,"column":28}},"loc":{"start":{"line":131,"column":67},"end":{"line":167,"column":null}}},"5":{"name":"(anonymous_27)","decl":{"start":{"line":131,"column":67},"end":{"line":131,"column":null}},"loc":{"start":{"line":131,"column":67},"end":{"line":167,"column":null}}},"6":{"name":"(anonymous_29)","decl":{"start":{"line":169,"column":21},"end":{"line":169,"column":22}},"loc":{"start":{"line":169,"column":64},"end":{"line":174,"column":3}}},"7":{"name":"(anonymous_30)","decl":{"start":{"line":176,"column":23},"end":{"line":176,"column":24}},"loc":{"start":{"line":176,"column":67},"end":{"line":181,"column":3}}},"8":{"name":"(anonymous_31)","decl":{"start":{"line":183,"column":25},"end":{"line":183,"column":26}},"loc":{"start":{"line":183,"column":71},"end":{"line":187,"column":3}}},"9":{"name":"(anonymous_32)","decl":{"start":{"line":219,"column":17},"end":{"line":219,"column":18}},"loc":{"start":{"line":219,"column":36},"end":{"line":219,"column":43}}},"10":{"name":"(anonymous_33)","decl":{"start":{"line":220,"column":27},"end":{"line":220,"column":28}},"loc":{"start":{"line":220,"column":70},"end":{"line":224,"column":3}}},"11":{"name":"(anonymous_34)","decl":{"start":{"line":234,"column":22},"end":{"line":2
[...]
,"/home/chrisj/moocs/udacity/cdci/cdci2021/frontend/src/app/containers/Employee/components/ViewEmployee/index.tsx": {"path":"/home/chrisj/moocs/udacity/cdci/cdci2021/frontend/src/app/containers/Employee/components/ViewEmployee/index.tsx","statementMap":{"0":{"start":{"line":1,"column":0},"end":{"line":1,"column":41}},"1":{"start":{"line":2,"column":0},"end":{"line":2,"column":38}},"2":{"start":{"line":3,"column":0},"end":{"line":3,"column":28}},"3":{"start":{"line":5,"column":0},"end":{"line":5,"column":52}},"4":{"start":{"line":6,"column":0},"end":{"line":6,"column":79}},"5":{"start":{"line":8,"column":0},"end":{"line":8,"column":48}},"6":{"start":{"line":9,"column":0},"end":{"line":9,"column":53}},"7":{"start":{"line":10,"column":0},"end":{"line":10,"column":33}},"8":{"start":{"line":11,"column":0},"end":{"line":11,"column":38}},"9":{"start":{"line":12,"column":0},"end":{"line":12,"column":37}},"10":{"start":{"line":13,"column":0},"end":{"line":13,"column":48}},"11":{"start":{"line":14,"column":0},"end":{"line":14,"column":50}},"12":{"start":{"line":16,"column":0},"end":{"line":16,"column":76}},"13":{"start":{"line":58,"column":0},"end":{"line":58,"column":null}},"14":{"start":{"line":58,"column":34},"end":{"line":58,"column":43}},"15":{"start":{"line":64,"column":4},"end":{"line":64,"column":null}},"16":{"start":{"line":129,"column":2},"end":{"line":129,"column":44}},"17":{"start":{"line":131,"column":2},"end":{"line":133,"column":4}},"18":{"start":{"line":135,"column":2},"end":{"line":137,"column":4}},"19":{"start":{"line":139,"column":2},"end":{"line":141,"column":null}},"20":{"start":{"line":140,"column":4},"end":{"line":140,"column":42}},"21":{"start":{"line":143,"column":2},"end":{"line":145,"column":null}},"22":{"start":{"line":144,"column":4},"end":{"line":144,"column":72}},"23":{"start":{"line":147,"column":2},"end":{"line":150,"column":4}},"24":{"start":{"line":66,"column":12},"end":{"line":66,"column":22}},"25":{"start":{"line":67,"column":4},"end":{"line":67,"column":50}},"26":{"start":{"line":68,"column":4},"end":{"line":92,"column":6}},"27":{"start":{"line":95,"column":8},"end":{"line":127,"column":null}},"28":{"start":{"line":97,"column":38},"end":{"line":99,"column":null}},"29":{"start":{"line":97,"column":12},"end":{"line":99,"column":null}},"30":{"start":{"line":100,"column":6},"end":{"line":123,"column":9}},"31":{"start":{"line":125,"column":6},"end":{"line":125,"column":44}},"32":{"start":{"line":152,"column":2},"end":{"line":494,"column":null}},"33":{"start":{"line":153,"column":10},"end":{"line":153,"column":12}},"34":{"start":{"line":153,"column":12},"end":{"line":153,"column":22}},"35":{"start":{"line":153,"column":24},"end":{"line":153,"column":49}},"36":{"start":{"line":156,"column":6},"end":{"line":161,"column":null}},"37":{"start":{"line":165,"column":4},"end":{"line":493,"column":6}},"38":{"start":{"line":225,"column":22},"end":{"line":229,"column":24}},"39":{"start":{"line":495,"column":0},"end":{"line":495,"column":null}},"40":{"start":{"line":58,"column":13},"end":{"line":58,"column":25}},"41":{"start":{"line":498,"column":2},"end":{"line":502,"column":4}},"42":{"start":{"line":508,"column":2},"end":{"line":510,"column":4}},"43":{"start":{"line":513,"column":0},"end":{"line":516,"column":23}}},"fnMap":{"0":{"name":"(anonymous_18)","decl":{"start":{"line":58,"column":0},"end":{"line":58,"column":13}},"loc":{"start":{"line":58,"column":0},"end":{"line":495,"column":null}}},"1":{"name":"ViewEmployee","decl":{"start":{"line":63,"column":2},"end":{"line":63,"column":14}},"loc":{"start":{"line":63,"column":54},"end":{"line":93,"column":3}}},"2":{"name":"(anonymous_20)","decl":{"start":{"line":129,"column":17},"end":{"line":129,"column":18}},"loc":{"start":{"line":129,"column":36},"end":{"line":129,"column":43}}},"3":{"name":"(anonymous_21)","decl":{"start":{"line":139,"column":22},"end":{"line":139,"column":null}},"loc":{"start":{"line":139,"column":22},"end":{"line":141,"column":3}}},"4":{"name":"(anonymous_22)","decl":{"start":{"line":143,"column":21},"end":{"line":143,"column":null}},"loc":{"start":{"line":143,"column":21},"end":{"line":145,"column":3}}},"5":{"name":"(anonymous_23)","decl":{"start":{"line":95,"column":2},"end":{"line":95,"column":8}},"loc":{"start":{"line":95,"column":2},"end":{"line":127,"column":null}}},"6":{"name":"(anonymous_26)","decl":{"start":{"line":152,"column":2},"end":{"line":152,"column":8}},"loc":{"start":{"line":152,"column":2},"end":{"line":494,"column":3}}},"7":{"name":"(anonymous_27)","decl":{"start":{"line":224,"column":41},"end":{"line":224,"column":42}},"loc":{"start":{"line":224,"column":53},"end":{"line":230,"column":21}}},"8":{"name":"mapStateToProps","decl":{"start":{"line":497,"column":9},"end":{"line":497,"column":24}},"loc":{"start":{"line":497,"column":45},"end":{"line":503,"column":1}}},"9":{"name":"mapActionsToProps","decl":{"start":{"line":505,"column":9},"end":{"line":505,"column":26}},"loc":{"start":{"line":506,"column":20},"end":{"line":511,"column":1}}}},"branchMap":{"0":{"loc":{"start":{"line":64,"column":4},"end":{"line":64,"column":25}},"type":"binary-expr","locations":[{"start":{"line":64,"column":4},"end":{"line":64,"column":25}},{"start":{"line":64,"column":25},"end":{"line":64,"column":null}}]},"1":{"loc":{"start":{"line":298,"column":61},"end":{"line":298,"column":67}},"type":"cond-expr","locations":[{"start":{"line":298,"column":61},"end":{"line":298,"column":67}},{"start":{"line":298,"column":70},"end":{"line":298,"column":78}}]},"2":{"loc":{"start":{"line":318,"column":24},"end":{"line":318,"column":32}},"type":"cond-expr","locations":[{"start":{"line":318,"column":24},"end":{"line":318,"column":32}},{"start":{"line":319,"column":24},"end":{"line":319,"column":32}}]},"3":{"loc":{"start":{"line":336,"column":30},"end":{"line":336,"column":39}},"type":"cond-expr","locations":[{"start":{"line":336,"column":30},"end":{"line":336,"column":39}},{"start":{"line":337,"column":30},"end":{"line":337,"column":39}}]},"4":{"loc":{"start":{"line":479,"column":45},"end":{"line":479,"column":59}},"type":"cond-expr","locations":[{"start":{"line":479,"column":45},"end":{"line":479,"column":59}},{"start":{"line":479,"column":62},"end":{"line":479,"column":74}}]},"5":{"loc":{"start":{"line":484,"column":46},"end":{"line":484,"column":56}},"type":"cond-expr","locations":[{"start":{"line":484,"column":46},"end":{"line":484,"column":56}},{"start":{"line":484,"column":59},"end":{"line":484,"column":67}}]}},"s":{"0":0,"1":0,"2":0,"3":0,"4":0,"5":0,"6":0,"7":0,"8":0,"9":0,"10":0,"11":0,"12":0,"13":0,"14":0,"15":0,"16":0,"17":0,"18":0,"19":0,"20":0,"21":0,"22":0,"23":0,"24":0,"25":0,"26":0,"27":0,"28":0,"29":0,"30":0,"31":0,"32":0,"33":0,"34":0,"35":0,"36":0,"37":0,"38":0,"39":0,"40":0,"41":0,"42":0,"43":0},"f":{"0":0,"1":0,"2":0,"3":0,"4":0,"5":0,"6":0,"7":0,"8":0,"9":0},"b":{"0":[0,0],"1":[0,0],"2":[0,0],"3":[0,0],"4":[0,0],"5":[0,0]}}
,"/home/chrisj/moocs/udacity/cdci/cdci2021/frontend/src/app/containers/Employee/models/EmployeeModel.ts": {"path":"/home/chrisj/moocs/udacity/cdci/cdci2021/frontend/src/app/containers/Employee/models/EmployeeModel.ts","statementMap":{"0":{"start":{"line":1,"column":0},"end":{"line":1,"column":null}},"1":{"start":{"line":2,"column":2},"end":{"line":2,"column":null}},"2":{"start":{"line":3,"column":2},"end":{"line":3,"column":null}},"3":{"start":{"line":6,"column":0},"end":{"line":6,"column":null}},"4":{"start":{"line":7,"column":2},"end":{"line":7,"column":null}},"5":{"start":{"line":8,"column":2},"end":{"line":8,"column":null}},"6":{"start":{"line":66,"column":0},"end":{"line":66,"column":null}},"7":{"start":{"line":67,"column":15},"end":{"line":67,"column":39}}},"fnMap":{"0":{"name":"(anonymous_0)","decl":{"start":{"line":1,"column":0},"end":{"line":1,"column":12}},"loc":{"start":{"line":1,"column":18},"end":{"line":4,"column":1}}},"1":{"name":"(anonymous_1)","decl":{"start":{"line":6,"column":0},"end":{"line":6,"column":12}},"loc":{"start":{"line":6,"column":22},"end":{"line":9,"column":1}}},"2":{"name":"(anonymous_2)","decl":{"start":{"line":66,"column":0},"end":{"line":66,"column":17}},"loc":{"start":{"line":66,"column":30},"end":{"line":68,"column":1}}}},"branchMap":{"0":{"loc":{"start":{"line":1,"column":12},"end":{"line":1,"column":18}},"type":"binary-expr","locations":[{"start":{"line":1,"column":12},"end":{"line":1,"column":18}},{"start":{"line":1,"column":12},"end":{"line":1,"column":null}}]},"1":{"loc":{"start":{"line":6,"column":12},"end":{"line":6,"column":22}},"type":"binary-expr","locations":[{"start":{"line":6,"column":12},"end":{"line":6,"column":22}},{"start":{"line":6,"column":12},"end":{"line":6,"column":null}}]},"2":{"loc":{"start":{"line":66,"column":17},"end":{"line":66,"column":30}},"type":"binary-expr","locations":[{"start":{"line":66,"column":17},"end":{"line":66,"column":30}},{"start":{"line":66,"column":17},"end":{"line":66,"column":null}}]}},"s":{"0":0,"1":0,"2":0,"3":0,"4":0,"5":0,"6":0,"7":0},"f":{"0":0,"1":0,"2":0},"b":{"0":[0,0],"1":[0,0],"2":[0,0]}}
,"/home/chrisj/moocs/udacity/cdci/cdci2021/frontend/src/app/containers/Employee/models/index.ts": {"path":"/home/chrisj/moocs/udacity/cdci/cdci2021/frontend/src/app/containers/Employee/models/index.ts","statementMap":{"0":{"start":{"line":1,"column":0},"end":{"line":1,"column":32}}},"fnMap":{},"branchMap":{},"s":{"0":0},"f":{},"b":{}}
,"/home/chrisj/moocs/udacity/cdci/cdci2021/frontend/src/app/containers/Employee/reducer/employees.ts": {"path":"/home/chrisj/moocs/udacity/cdci/cdci2021/frontend/src/app/containers/Employee/reducer/employees.ts","statementMap":{"0":{"start":{"line":1,"column":0},"end":{"line":1,"column":46}},"1":{"start":{"line":2,"column":0},"end":{"line":2,"column":66}},"2":{"start":{"line":6,"column":13},"end":{"line":10,"column":2}},"3":{"start":{"line":12,"column":13},"end":{"line":70,"column":2}},"4":{"start":{"line":15,"column":6},"end":{"line":17,"column":null}},"5":{"start":{"line":21,"column":6},"end":{"line":24,"column":null}},"6":{"start":{"line":28,"column":22},"end":{"line":28,"column":36}},"7":{"start":{"line":29,"column":6},"end":{"line":34,"column":null}},"8":{"start":{"line":30,"column":8},"end":{"line":32,"column":null}},"9":{"start":{"line":36,"column":6},"end":{"line":39,"column":null}},"10":{"start":{"line":43,"column":6},"end":{"line":45,"column":null}},"11":{"start":{"line":49,"column":6},"end":{"line":52,"column":null}},"12":{"start":{"line":56,"column":6},"end":{"line":58,"column":null}},"13":{"start":{"line":62,"column":6},"end":{"line":65,"column":null}}},"fnMap":{"0":{"name":"(anonymous_2)","decl":{"start":{"line":14,"column":52},"end":{"line":14,"column":57}},"loc":{"start":{"line":14,"column":57},"end":{"line":19,"column":5}}},"1":{"name":"(anonymous_3)","decl":{"start":{"line":20,"column":52},"end":{"line":20,"column":53}},"loc":{"start":{"line":20,"column":66},"end":{"line":26,"column":5}}},"2":{"name":"(anonymous_4)","decl":{"start":{"line":27,"column":52},"end":{"line":27,"column":53}},"loc":{"start":{"line":27,"column":66},"end":{"line":41,"column":5}}},"3":{"name":"(anonymous_5)","decl":{"start":{"line":42,"column":49},"end":{"line":42,"column":54}},"loc":{"start":{"line":42,"column":54},"end":{"line":47,"column":5}}},"4":{"name":"(anonymous_6)","decl":{"start":{"line":48,"column":49},"end":{"line":48,"column":50}},"loc":{"start":{"line":48,"column":63},"end":{"line":54,"column":5}}},"5":{"name":"(anonymous_7)","decl":{"start":{"line":55,"column":49},"end":{"line":55,"column":54}},"loc":{"start":{"line":55,"column":54},"end":{"line":60,"column":5}}},"6":{"name":"(anonymous_8)","decl":{"start":{"line":61,"column":65},"end":{"line":61,"column":66}},"loc":{"start":{"line":61,"column":79},"end":{"line":67,"column":5}}}},"branchMap":{"0":{"loc":{"start":{"line":24,"column":23},"end":{"line":24,"column":55}},"type":"binary-expr","locations":[{"start":{"line":24,"column":23},"end":{"line":24,"column":55}},{"start":{"line":24,"column":59},"end":{"line":24,"column":61}}]},"1":{"loc":{"start":{"line":29,"column":6},"end":{"line":34,"column":null}},"type":"if","locations":[{"start":{"line":29,"column":6},"end":{"line":34,"column":null}},{"start":{"line":29,"column":6},"end":{"line":34,"column":null}}]},"2":{"loc":{"start":{"line":52,"column":23},"end":{"line":52,"column":55}},"type":"binary-expr","locations":[{"start":{"line":52,"column":23},"end":{"line":52,"column":55}},{"start":{"line":52,"column":59},"end":{"line":52,"column":61}}]}},"s":{"0":1,"1":1,"2":1,"3":1,"4":0,"5":0,"6":0,"7":0,"8":0,"9":0,"10":1,"11":1,"12":1,"13":0},"f":{"0":0,"1":0,"2":0,"3":1,"4":1,"5":1,"6":0},"b":{"0":[0,0],"1":[0,0],"2":[1,1]}}
,"/home/chrisj/moocs/udacity/cdci/cdci2021/frontend/src/app/containers/Employee/reducer/sampleData.ts": {"path":"/home/chrisj/moocs/udacity/cdci/cdci2021/frontend/src/app/containers/Employee/reducer/sampleData.ts","statementMap":{"0":{"start":{"line":1,"column":0},"end":{"line":1,"column":62}},"1":{"start":{"line":4,"column":2},"end":{"line":4,"column":41}},"2":{"start":{"line":7,"column":32},"end":{"line":30,"column":2}},"3":{"start":{"line":32,"column":13},"end":{"line":37,"column":2}}},"fnMap":{"0":{"name":"generateFakeDate","decl":{"start":{"line":3,"column":9},"end":{"line":3,"column":25}},"loc":{"start":{"line":3,"column":25},"end":{"line":5,"column":1}}}},"branchMap":{},"s":{"0":0,"1":0,"2":0,"3":0},"f":{"0":0},"b":{}}
,"/home/chrisj/moocs/udacity/cdci/cdci2021/frontend/src/app/containers/Employee/services/employees.ts": {"path":"/home/chrisj/moocs/udacity/cdci/cdci2021/frontend/src/app/containers/Employee/services/employees.ts","statementMap":{"0":{"start":{"line":1,"column":0},"end":{"line":1,"column":60}},"1":{"start":{"line":14,"column":0},"end":{"line":14,"column":13}},"2":{"start":{"line":18,"column":2},"end":{"line":18,"column":14}},"3":{"start":{"line":18,"column":14},"end":{"line":18,"column":null}},"4":{"start":{"line":38,"column":2},"end":{"line":43,"column":null}},"5":{"start":{"line":40,"column":57},"end":{"line":40,"column":59}},"6":{"start":{"line":41,"column":4},"end":{"line":41,"column":44}},"7":{"start":{"line":42,"column":4},"end":{"line":42,"column":89}},"8":{"start":{"line":45,"column":2},"end":{"line":47,"column":null}},"9":{"start":{"line":46,"column":4},"end":{"line":46,"column":79}},"10":{"start":{"line":49,"column":2},"end":{"line":51,"column":null}},"11":{"start":{"line":50,"column":4},"end":{"line":50,"column":77}},"12":{"start":{"line":19,"column":4},"end":{"line":19,"column":51}},"13":{"start":{"line":20,"column":4},"end":{"line":20,"column":41}},"14":{"start":{"line":23,"column":8},"end":{"line":32,"column":null}},"15":{"start":{"line":24,"column":21},"end":{"line":28,"column":null}},"16":{"start":{"line":24,"column":10},"end":{"line":28,"column":null}},"17":{"start":{"line":29,"column":4},"end":{"line":31,"column":6}},"18":{"start":{"line":34,"column":2},"end":{"line":36,"column":null}},"19":{"start":{"line":35,"column":4},"end":{"line":35,"column":62}},"20":{"start":{"line":53,"column":8},"end":{"line":55,"column":null}},"21":{"start":{"line":54,"column":4},"end":{"line":54,"column":83}},"22":{"start":{"line":56,"column":8},"end":{"line":58,"column":null}},"23":{"start":{"line":57,"column":4},"end":{"line":57,"column":81}},"24":{"start":{"line":60,"column":8},"end":{"line":63,"column":null}},"25":{"start":{"line":61,"column":21},"end":{"line":61,"column":null}},"26":{"start":{"line":61,"column":10},"end":{"line":61,"column":null}},"27":{"start":{"line":62,"column":4},"end":{"line":62,"column":37}},"28":{"start":{"line":64,"column":0},"end":{"line":64,"column":null}},"29":{"start":{"line":14,"column":13},"end":{"line":14,"column":29}}},"fnMap":{"0":{"name":"(anonymous_12)","decl":{"start":{"line":14,"column":0},"end":{"line":14,"column":13}},"loc":{"start":{"line":14,"column":0},"end":{"line":64,"column":null}}},"1":{"name":"EmployeesService","decl":{"start":{"line":18,"column":2},"end":{"line":18,"column":14}},"loc":{"start":{"line":18,"column":43},"end":{"line":21,"column":3}}},"2":{"name":"(anonymous_14)","decl":{"start":{"line":38,"column":16},"end":{"line":38,"column":17}},"loc":{"start":{"line":39,"column":21},"end":{"line":43,"column":3}}},"3":{"name":"(anonymous_15)","decl":{"start":{"line":45,"column":18},"end":{"line":45,"column":19}},"loc":{"start":{"line":45,"column":66},"end":{"line":47,"column":3}}},"4":{"name":"(anonymous_16)","decl":{"start":{"line":49,"column":16},"end":{"line":49,"column":17}},"loc":{"start":{"line":49,"column":62},"end":{"line":51,"column":3}}},"5":{"name":"(anonymous_17)","decl":{"start":{"line":23,"column":2},"end":{"line":23,"column":8}},"loc":{"start":{"line":23,"column":43},"end":{"line":32,"column":null}}},"6":{"name":"(anonymous_20)","decl":{"start":{"line":34,"column":2},"end":{"line":34,"column":16}},"loc":{"start":{"line":34,"column":40},"end":{"line":36,"column":3}}},"7":{"name":"(anonymous_21)","decl":{"start":{"line":53,"column":2},"end":{"line":53,"column":8}},"loc":{"start":{"line":53,"column":45},"end":{"line":55,"column":null}}},"8":{"name":"(anonymous_24)","decl":{"start":{"line":56,"column":2},"end":{"line":56,"column":8}},"loc":{"start":{"line":56,"column":43},"end":{"line":58,"column":null}}},"9":{"name":"(anonymous_27)","decl":{"start":{"line":60,"column":2},"end":{"line":60,"column":8}},"loc":{"start":{"line":60,"column":34},"end":{"line":63,"column":null}}}},"branchMap":{"0":{"loc":{"start":{"line":18,"column":14},"end":{"line":18,"column":null}},"type":"if","locations":[{"start":{"line":18,"column":14},"end":{"line":18,"column":null}},{"start":{"line":18,"column":14},"end":{"line":18,"column":null}}]},"1":{"loc":{"start":{"line":24,"column":21},"end":{"line":28,"column":null}},"type":"switch","locations":[{"start":{"line":24,"column":21},"end":{"line":28,"column":null}}]},"2":{"loc":{"start":{"line":61,"column":21},"end":{"line":61,"column":null}},"type":"switch","locations":[{"start":{"line":61,"column":21},"end":{"line":61,"column":null}}]}},"s":{"0":1,"1":1,"2":0,"3":0,"4":0,"5":0,"6":0,"7":0,"8":0,"9":0,"10":0,"11":0,"12":0,"13":0,"14":1,"15":0,"16":0,"17":0,"18":1,"19":0,"20":1,"21":0,"22":1,"23":0,"24":1,"25":0,"26":0,"27":0,"28":1,"29":1},"f":{"0":1,"1":0,"2":0,"3":0,"4":0,"5":0,"6":0,"7":0,"8":0,"9":0},"b":{"0":[0,0],"1":[0],"2":[0]}}
}
