TN:
SF:/home/chrisj/moocs/udacity/cdci/cdci2021/frontend/src/app/components/ActionsMenu/index.tsx
FN:22,(anonymous_6)
FN:26,ActionsMenu
FN:52,(anonymous_8)
FN:56,(anonymous_9)
FN:58,(anonymous_10)
FN:60,(anonymous_11)
FN:66,(anonymous_12)
FN:72,(anonymous_13)
FN:78,(anonymous_14)
FN:38,(anonymous_15)
FN:46,(anonymous_16)
FN:87,(anonymous_17)
FNF:12
FNH:0
FNDA:0,(anonymous_6)
FNDA:0,ActionsMenu
FNDA:0,(anonymous_8)
FNDA:0,(anonymous_9)
FNDA:0,(anonymous_10)
FNDA:0,(anonymous_11)
FNDA:0,(anonymous_12)
FNDA:0,(anonymous_13)
FNDA:0,(anonymous_14)
FNDA:0,(anonymous_15)
FNDA:0,(anonymous_16)
FNDA:0,(anonymous_17)
DA:1,0
DA:2,0
DA:3,0
DA:4,0
DA:6,0
DA:7,0
DA:22,0
DA:27,0
DA:29,0
DA:33,0
DA:38,0
DA:39,0
DA:40,0
DA:41,0
DA:46,0
DA:47,0
DA:52,0
DA:53,0
DA:56,0
DA:58,0
DA:60,0
DA:61,0
DA:63,0
DA:67,0
DA:73,0
DA:79,0
DA:80,0
DA:84,0
DA:87,0
DA:88,0
DA:98,0
LF:31
LH:0
BRDA:27,0,0,0
BRDA:27,0,1,0
BRDA:77,1,0,0
BRDA:77,1,1,0
BRDA:79,2,0,0
BRDA:79,2,1,0
BRF:6
BRH:0
end_of_record
TN:
SF:/home/chrisj/moocs/udacity/cdci/cdci2021/frontend/src/app/components/Breadcrumb/index.tsx
FN:13,(anonymous_0)
FNF:1
FNH:0
FNDA:0,(anonymous_0)
DA:1,0
DA:2,0
DA:3,0
DA:13,0
DA:14,0
LF:5
LH:0
BRDA:18,0,0,0
BRDA:18,0,1,0
BRDA:23,1,0,0
BRDA:23,1,1,0
BRDA:30,2,0,0
BRDA:30,2,1,0
BRF:6
BRH:0
end_of_record
TN:
SF:/home/chrisj/moocs/udacity/cdci/cdci2021/frontend/src/app/components/Button/index.tsx
FN:18,(anonymous_6)
FN:19,(anonymous_8)
FN:27,(anonymous_9)
FNF:3
FNH:1
FNDA:2,(anonymous_6)
FNDA:0,(anonymous_8)
FNDA:0,(anonymous_9)
DA:1,2
DA:2,2
DA:3,2
DA:4,2
DA:18,2
DA:19,2
DA:20,0
DA:21,0
DA:27,2
DA:28,0
DA:42,2
LF:11
LH:8
BRDA:20,0,0,0
BRDA:20,0,1,0
BRDA:30,1,0,0
BRDA:30,1,1,0
BRF:4
BRH:0
end_of_record
TN:
SF:/home/chrisj/moocs/udacity/cdci/cdci2021/frontend/src/app/components/Empty/index.tsx
FN:10,(anonymous_0)
FNF:1
FNH:1
FNDA:1,(anonymous_0)
DA:1,1
DA:2,1
DA:10,1
DA:11,1
LF:4
LH:4
BRF:0
BRH:0
end_of_record
TN:
SF:/home/chrisj/moocs/udacity/cdci/cdci2021/frontend/src/app/components/LoadingMessage/index.tsx
FN:11,(anonymous_6)
FN:12,(anonymous_8)
FNF:2
FNH:2
FNDA:2,(anonymous_6)
FNDA:1,(anonymous_8)
DA:1,1
DA:2,1
DA:3,1
DA:11,1
DA:12,1
DA:13,1
DA:19,1
LF:7
LH:7
BRF:0
BRH:0
end_of_record
TN:
SF:/home/chrisj/moocs/udacity/cdci/cdci2021/frontend/src/app/components/Navbar/index.tsx
FN:16,(anonymous_6)
FN:17,Navbar
FN:50,(anonymous_8)
FN:57,(anonymous_9)
FN:27,(anonymous_10)
FN:31,(anonymous_11)
FN:37,(anonymous_12)
FN:46,(anonymous_13)
FN:64,(anonymous_14)
FNF:9
FNH:0
FNDA:0,(anonymous_6)
FNDA:0,Navbar
FNDA:0,(anonymous_8)
FNDA:0,(anonymous_9)
FNDA:0,(anonymous_10)
FNDA:0,(anonymous_11)
FNDA:0,(anonymous_12)
FNDA:0,(anonymous_13)
FNDA:0,(anonymous_14)
DA:1,0
DA:3,0
DA:4,0
DA:16,0
DA:18,0
DA:20,0
DA:27,0
DA:28,0
DA:31,0
DA:32,0
DA:33,0
DA:34,0
DA:37,0
DA:38,0
DA:39,0
DA:46,0
DA:47,0
DA:50,0
DA:51,0
DA:52,0
DA:53,0
DA:54,0
DA:57,0
DA:58,0
DA:59,0
DA:60,0
DA:61,0
DA:64,0
DA:67,0
DA:127,0
LF:30
LH:0
BRDA:18,0,0,0
BRDA:18,0,1,0
BRDA:53,1,0,0
BRDA:53,1,1,0
BRDA:60,2,0,0
BRDA:60,2,1,0
BRDA:34,3,0,0
BRDA:34,3,1,0
BRF:8
BRH:0
end_of_record
TN:
SF:/home/chrisj/moocs/udacity/cdci/cdci2021/frontend/src/app/components/NavbarButton/index.tsx
FN:15,(anonymous_0)
FNF:1
FNH:0
FNDA:0,(anonymous_0)
DA:1,0
DA:2,0
DA:3,0
DA:15,0
DA:16,0
LF:5
LH:0
BRDA:20,0,0,0
BRDA:20,0,1,0
BRF:2
BRH:0
end_of_record
TN:
SF:/home/chrisj/moocs/udacity/cdci/cdci2021/frontend/src/app/components/OrdersTable/NoFilteredOrders/index.tsx
FN:14,(anonymous_6)
FN:15,(anonymous_8)
FN:28,(anonymous_9)
FNF:3
FNH:3
FNDA:2,(anonymous_6)
FNDA:1,(anonymous_8)
FNDA:1,(anonymous_9)
DA:1,1
DA:2,1
DA:4,1
DA:5,1
DA:14,1
DA:15,1
DA:16,1
DA:28,1
DA:36,1
LF:9
LH:9
BRF:0
BRH:0
end_of_record
TN:
SF:/home/chrisj/moocs/udacity/cdci/cdci2021/frontend/src/app/components/OrdersTable/OrdersSearch/index.tsx
FN:22,(anonymous_6)
FN:27,OrdersSearch
FN:38,(anonymous_8)
FN:49,(anonymous_9)
FN:55,(anonymous_10)
FN:67,(anonymous_11)
FN:77,(anonymous_12)
FN:93,(anonymous_13)
FN:100,(anonymous_14)
FNF:9
FNH:0
FNDA:0,(anonymous_6)
FNDA:0,OrdersSearch
FNDA:0,(anonymous_8)
FNDA:0,(anonymous_9)
FNDA:0,(anonymous_10)
FNDA:0,(anonymous_11)
FNDA:0,(anonymous_12)
FNDA:0,(anonymous_13)
FNDA:0,(anonymous_14)
DA:1,0
DA:2,0
DA:3,0
DA:4,0
DA:5,0
DA:6,0
DA:22,0
DA:28,0
DA:29,0
DA:30,0
DA:31,0
DA:32,0
DA:38,0
DA:39,0
DA:40,0
DA:44,0
DA:45,0
DA:49,0
DA:50,0
DA:51,0
DA:53,0
DA:56,0
DA:58,0
DA:60,0
DA:61,0
DA:67,0
DA:68,0
DA:70,0
DA:71,0
DA:73,0
DA:77,0
DA:78,0
DA:80,0
DA:94,0
DA:100,0
DA:110,0
LF:36
LH:0
BRDA:28,0,0,0
BRDA:28,0,1,0
BRDA:39,1,0,0
BRDA:39,1,1,0
BRDA:44,2,0,0
BRDA:44,2,1,0
BRDA:50,3,0,0
BRDA:50,3,1,0
BRDA:58,4,0,0
BRDA:58,4,1,0
BRDA:60,5,0,0
BRDA:60,5,1,0
BRDA:60,6,0,0
BRDA:60,6,1,0
BRDA:70,7,0,0
BRDA:70,7,1,0
BRDA:70,8,0,0
BRDA:70,8,1,0
BRDA:71,9,0,0
BRDA:71,9,1,0
BRDA:78,10,0,0
BRDA:78,10,1,0
BRDA:98,11,0,0
BRDA:98,11,1,0
BRF:24
BRH:0
end_of_record
TN:
SF:/home/chrisj/moocs/udacity/cdci/cdci2021/frontend/src/app/components/Pagination/index.tsx
FN:27,(anonymous_6)
FN:28,Pagination
FN:38,(anonymous_8)
FN:42,(anonymous_9)
FN:46,(anonymous_10)
FN:54,(anonymous_11)
FN:68,(anonymous_12)
FN:72,(anonymous_13)
FN:76,(anonymous_14)
FN:80,(anonymous_15)
FN:105,(anonymous_16)
FN:112,(anonymous_17)
FN:116,(anonymous_18)
FN:120,(anonymous_19)
FN:134,(anonymous_20)
FN:148,(anonymous_21)
FN:152,(anonymous_22)
FNF:17
FNH:12
FNDA:1,(anonymous_6)
FNDA:6,Pagination
FNDA:11,(anonymous_8)
FNDA:11,(anonymous_9)
FNDA:11,(anonymous_10)
FNDA:6,(anonymous_11)
FNDA:6,(anonymous_12)
FNDA:6,(anonymous_13)
FNDA:6,(anonymous_14)
FNDA:0,(anonymous_15)
FNDA:0,(anonymous_16)
FNDA:0,(anonymous_17)
FNDA:0,(anonymous_18)
FNDA:12,(anonymous_19)
FNDA:12,(anonymous_20)
FNDA:0,(anonymous_21)
FNDA:12,(anonymous_22)
DA:1,1
DA:2,1
DA:3,1
DA:4,1
DA:6,1
DA:7,1
DA:27,1
DA:29,6
DA:30,6
DA:38,1
DA:39,11
DA:42,1
DA:43,11
DA:46,1
DA:47,11
DA:48,11
DA:49,1
DA:51,10
DA:54,1
DA:55,6
DA:56,6
DA:57,6
DA:58,6
DA:59,6
DA:60,5
DA:61,5
DA:62,5
DA:63,5
DA:65,6
DA:68,1
DA:69,6
DA:72,1
DA:73,6
DA:76,1
DA:77,6
DA:80,1
DA:81,0
DA:82,0
DA:83,0
DA:85,0
DA:87,0
DA:89,0
DA:90,0
DA:92,0
DA:93,0
DA:94,0
DA:97,0
DA:98,0
DA:99,0
DA:102,0
DA:105,1
DA:106,0
DA:107,0
DA:108,0
DA:112,1
DA:113,0
DA:116,1
DA:117,0
DA:120,1
DA:121,12
DA:134,1
DA:135,12
DA:148,1
DA:149,0
DA:152,1
DA:153,12
DA:177,1
LF:67
LH:47
BRDA:29,0,0,6
BRDA:29,0,1,6
BRDA:48,1,0,1
BRDA:48,1,1,10
BRDA:59,2,0,5
BRDA:59,2,1,1
BRDA:59,3,0,6
BRDA:59,3,1,3
BRDA:59,3,2,3
BRDA:85,4,0,0
BRDA:85,4,1,0
BRDA:87,5,0,0
BRDA:87,5,1,0
BRDA:87,6,0,0
BRDA:87,6,1,0
BRDA:89,7,0,0
BRDA:89,7,1,0
BRDA:92,8,0,0
BRDA:92,8,1,0
BRDA:97,9,0,0
BRDA:97,9,1,0
BRDA:102,10,0,0
BRDA:102,10,1,0
BRDA:102,11,0,0
BRDA:102,11,1,0
BRDA:107,12,0,0
BRDA:107,12,1,0
BRDA:107,13,0,0
BRDA:107,13,1,0
BRDA:123,14,0,12
BRDA:123,14,1,2
BRDA:137,15,0,12
BRDA:137,15,1,11
BRF:33
BRH:13
end_of_record
TN:
SF:/home/chrisj/moocs/udacity/cdci/cdci2021/frontend/src/app/components/SearchBar/index.tsx
FN:16,(anonymous_6)
FN:32,(anonymous_8)
FN:38,(anonymous_9)
FN:44,(anonymous_10)
FN:50,(anonymous_11)
FNF:5
FNH:0
FNDA:0,(anonymous_6)
FNDA:0,(anonymous_8)
FNDA:0,(anonymous_9)
FNDA:0,(anonymous_10)
FNDA:0,(anonymous_11)
DA:1,0
DA:2,0
DA:3,0
DA:16,0
DA:17,0
DA:32,0
DA:33,0
DA:38,0
DA:39,0
DA:44,0
DA:45,0
DA:50,0
DA:52,0
DA:101,0
LF:14
LH:0
BRDA:16,0,0,0
BRDA:16,0,1,0
BRDA:16,0,2,0
BRDA:87,1,0,0
BRDA:87,1,1,0
BRF:5
BRH:0
end_of_record
TN:
SF:/home/chrisj/moocs/udacity/cdci/cdci2021/frontend/src/app/components/SearchInput/index.tsx
FN:23,(anonymous_6)
FN:28,SearchInput
FN:49,(anonymous_8)
FN:55,(anonymous_9)
FN:67,(anonymous_10)
FN:38,(anonymous_11)
FN:77,(anonymous_12)
FN:93,(anonymous_13)
FN:100,(anonymous_14)
FNF:9
FNH:0
FNDA:0,(anonymous_6)
FNDA:0,SearchInput
FNDA:0,(anonymous_8)
FNDA:0,(anonymous_9)
FNDA:0,(anonymous_10)
FNDA:0,(anonymous_11)
FNDA:0,(anonymous_12)
FNDA:0,(anonymous_13)
FNDA:0,(anonymous_14)
DA:1,0
DA:2,0
DA:3,0
DA:4,0
DA:5,0
DA:6,0
DA:23,0
DA:29,0
DA:30,0
DA:31,0
DA:32,0
DA:38,0
DA:39,0
DA:40,0
DA:44,0
DA:45,0
DA:49,0
DA:50,0
DA:51,0
DA:53,0
DA:56,0
DA:58,0
DA:60,0
DA:61,0
DA:67,0
DA:68,0
DA:70,0
DA:71,0
DA:73,0
DA:77,0
DA:78,0
DA:80,0
DA:94,0
DA:100,0
DA:110,0
LF:35
LH:0
BRDA:29,0,0,0
BRDA:29,0,1,0
BRDA:50,1,0,0
BRDA:50,1,1,0
BRDA:58,2,0,0
BRDA:58,2,1,0
BRDA:60,3,0,0
BRDA:60,3,1,0
BRDA:60,4,0,0
BRDA:60,4,1,0
BRDA:70,5,0,0
BRDA:70,5,1,0
BRDA:70,6,0,0
BRDA:70,6,1,0
BRDA:71,7,0,0
BRDA:71,7,1,0
BRDA:39,8,0,0
BRDA:39,8,1,0
BRDA:44,9,0,0
BRDA:44,9,1,0
BRDA:78,10,0,0
BRDA:78,10,1,0
BRDA:98,11,0,0
BRDA:98,11,1,0
BRF:24
BRH:0
end_of_record
TN:
SF:/home/chrisj/moocs/udacity/cdci/cdci2021/frontend/src/app/components/Table/index.tsx
FN:30,(anonymous_8)
FN:31,Table
FN:50,(anonymous_10)
FN:74,(anonymous_11)
FN:83,(anonymous_12)
FN:41,(anonymous_13)
FN:57,(anonymous_14)
FN:64,(anonymous_15)
FN:92,(anonymous_16)
FN:169,(anonymous_17)
FNF:10
FNH:0
FNDA:0,(anonymous_8)
FNDA:0,Table
FNDA:0,(anonymous_10)
FNDA:0,(anonymous_11)
FNDA:0,(anonymous_12)
FNDA:0,(anonymous_13)
FNDA:0,(anonymous_14)
FNDA:0,(anonymous_15)
FNDA:0,(anonymous_16)
FNDA:0,(anonymous_17)
DA:1,0
DA:2,0
DA:3,0
DA:4,0
DA:6,0
DA:7,0
DA:8,0
DA:9,0
DA:30,0
DA:32,0
DA:33,0
DA:34,0
DA:41,0
DA:42,0
DA:50,0
DA:52,0
DA:57,0
DA:58,0
DA:59,0
DA:60,0
DA:62,0
DA:65,0
DA:66,0
DA:67,0
DA:68,0
DA:74,0
DA:75,0
DA:76,0
DA:77,0
DA:80,0
DA:83,0
DA:84,0
DA:85,0
DA:86,0
DA:89,0
DA:92,0
DA:93,0
DA:94,0
DA:169,0
DA:184,0
LF:40
LH:0
BRDA:32,0,0,0
BRDA:32,0,1,0
BRDA:50,1,0,0
BRDA:50,1,1,0
BRDA:76,2,0,0
BRDA:76,2,1,0
BRDA:85,3,0,0
BRDA:85,3,1,0
BRDA:59,4,0,0
BRDA:59,4,1,0
BRDA:67,5,0,0
BRDA:67,5,1,0
BRDA:67,6,0,0
BRDA:67,6,1,0
BRDA:118,7,0,0
BRDA:118,7,1,0
BRDA:127,8,0,0
BRDA:127,8,1,0
BRF:18
BRH:0
end_of_record
TN:
SF:/home/chrisj/moocs/udacity/cdci/cdci2021/frontend/src/app/containers/Employee/actions/employees.ts
FN:16,(anonymous_12)
FN:17,(anonymous_13)
FN:79,fetchEmployees
FN:82,(anonymous_15)
FN:82,(anonymous_16)
FN:95,(anonymous_18)
FN:96,(anonymous_19)
FN:96,(anonymous_20)
FN:112,(anonymous_22)
FN:113,(anonymous_23)
FN:123,(anonymous_26)
FN:124,(anonymous_27)
FN:135,(anonymous_30)
FN:139,(anonymous_31)
FN:149,(anonymous_34)
FN:153,(anonymous_35)
FN:163,(anonymous_38)
FN:167,(anonymous_39)
FN:177,(anonymous_42)
FN:180,(anonymous_43)
FN:190,(anonymous_46)
FN:193,(anonymous_47)
FNF:22
FNH:2
FNDA:1,(anonymous_12)
FNDA:1,(anonymous_13)
FNDA:0,fetchEmployees
FNDA:0,(anonymous_15)
FNDA:0,(anonymous_16)
FNDA:0,(anonymous_18)
FNDA:0,(anonymous_19)
FNDA:0,(anonymous_20)
FNDA:0,(anonymous_22)
FNDA:0,(anonymous_23)
FNDA:0,(anonymous_26)
FNDA:0,(anonymous_27)
FNDA:0,(anonymous_30)
FNDA:0,(anonymous_31)
FNDA:0,(anonymous_34)
FNDA:0,(anonymous_35)
FNDA:0,(anonymous_38)
FNDA:0,(anonymous_39)
FNDA:0,(anonymous_42)
FNDA:0,(anonymous_43)
FNDA:0,(anonymous_46)
FNDA:0,(anonymous_47)
DA:2,1
DA:11,1
DA:12,1
DA:13,1
DA:14,1
DA:16,1
DA:17,1
DA:18,1
DA:19,1
DA:20,1
DA:21,1
DA:22,1
DA:23,1
DA:24,1
DA:25,1
DA:26,1
DA:27,1
DA:28,1
DA:29,1
DA:30,1
DA:34,1
DA:37,1
DA:40,1
DA:45,1
DA:46,1
DA:49,1
DA:54,1
DA:57,1
DA:60,1
DA:64,1
DA:67,1
DA:70,1
DA:74,1
DA:79,1
DA:82,0
DA:83,0
DA:85,0
DA:86,0
DA:87,0
DA:89,0
DA:90,0
DA:95,1
DA:96,0
DA:97,0
DA:99,0
DA:100,0
DA:101,0
DA:102,0
DA:103,0
DA:105,0
DA:106,0
DA:107,0
DA:112,1
DA:113,0
DA:115,0
DA:116,0
DA:118,0
DA:119,0
DA:123,1
DA:124,0
DA:126,0
DA:127,0
DA:129,0
DA:130,0
DA:135,1
DA:139,0
DA:141,0
DA:142,0
DA:144,0
DA:145,0
DA:149,1
DA:153,0
DA:155,0
DA:156,0
DA:158,0
DA:159,0
DA:163,1
DA:167,0
DA:169,0
DA:170,0
DA:172,0
DA:173,0
DA:177,1
DA:180,0
DA:182,0
DA:183,0
DA:185,0
DA:186,0
DA:190,1
DA:193,0
DA:195,0
DA:196,0
DA:198,0
DA:199,0
LF:94
LH:42
BRDA:17,0,0,1
BRDA:17,0,1,1
BRDA:16,1,0,1
BRDA:16,1,1,1
BRF:4
BRH:4
end_of_record
TN:
SF:/home/chrisj/moocs/udacity/cdci/cdci2021/frontend/src/app/containers/Employee/actions/index.ts
FNF:0
FNH:0
DA:1,1
LF:1
LH:1
BRF:0
BRH:0
end_of_record
TN:
SF:/home/chrisj/moocs/udacity/cdci/cdci2021/frontend/src/app/containers/Employee/components/AddEmployee/index.tsx
FN:57,(anonymous_20)
FN:61,AddEmployee
FN:89,(anonymous_22)
FN:115,(anonymous_23)
FN:131,(anonymous_26)
FN:131,(anonymous_27)
FN:169,(anonymous_29)
FN:176,(anonymous_30)
FN:183,(anonymous_31)
FN:219,(anonymous_32)
FN:220,(anonymous_33)
FN:234,(anonymous_34)
FN:189,(anonymous_35)
FN:195,(anonymous_36)
FN:201,(anonymous_37)
FN:207,(anonymous_38)
FN:211,(anonymous_39)
FN:215,(anonymous_40)
FN:243,(anonymous_41)
FN:658,(anonymous_42)
FN:673,(anonymous_43)
FN:709,mapStateToProps
FN:717,mapActionsToProps
FNF:23
FNH:0
FNDA:0,(anonymous_20)
FNDA:0,AddEmployee
FNDA:0,(anonymous_22)
FNDA:0,(anonymous_23)
FNDA:0,(anonymous_26)
FNDA:0,(anonymous_27)
FNDA:0,(anonymous_29)
FNDA:0,(anonymous_30)
FNDA:0,(anonymous_31)
FNDA:0,(anonymous_32)
FNDA:0,(anonymous_33)
FNDA:0,(anonymous_34)
FNDA:0,(anonymous_35)
FNDA:0,(anonymous_36)
FNDA:0,(anonymous_37)
FNDA:0,(anonymous_38)
FNDA:0,(anonymous_39)
FNDA:0,(anonymous_40)
FNDA:0,(anonymous_41)
FNDA:0,(anonymous_42)
FNDA:0,(anonymous_43)
FNDA:0,mapStateToProps
FNDA:0,mapActionsToProps
DA:1,0
DA:2,0
DA:3,0
DA:5,0
DA:6,0
DA:8,0
DA:9,0
DA:10,0
DA:11,0
DA:12,0
DA:13,0
DA:15,0
DA:16,0
DA:17,0
DA:18,0
DA:20,0
DA:57,0
DA:59,0
DA:62,0
DA:64,0
DA:89,0
DA:90,0
DA:115,0
DA:116,0
DA:125,0
DA:126,0
DA:127,0
DA:131,0
DA:132,0
DA:133,0
DA:134,0
DA:136,0
DA:138,0
DA:139,0
DA:141,0
DA:166,0
DA:169,0
DA:170,0
DA:176,0
DA:177,0
DA:183,0
DA:184,0
DA:189,0
DA:190,0
DA:195,0
DA:196,0
DA:201,0
DA:202,0
DA:207,0
DA:208,0
DA:211,0
DA:212,0
DA:215,0
DA:216,0
DA:219,0
DA:220,0
DA:221,0
DA:226,0
DA:230,0
DA:234,0
DA:235,0
DA:238,0
DA:243,0
DA:244,0
DA:247,0
DA:255,0
DA:658,0
DA:673,0
DA:707,0
DA:710,0
DA:720,0
DA:725,0
LF:72
LH:0
BRDA:62,0,0,0
BRDA:62,0,1,0
BRDA:116,1,0,0
BRDA:125,2,0,0
BRDA:125,2,1,0
BRDA:133,3,0,0
BRDA:133,3,1,0
BRDA:136,4,0,0
BRDA:136,4,1,0
BRDA:136,5,0,0
BRDA:136,5,1,0
BRDA:509,6,0,0
BRDA:509,6,1,0
BRF:13
BRH:0
end_of_record
TN:
SF:/home/chrisj/moocs/udacity/cdci/cdci2021/frontend/src/app/containers/Employee/components/EditEmployee/index.tsx
FN:58,(anonymous_20)
FN:62,EditEmployee
FN:119,(anonymous_22)
FN:141,(anonymous_23)
FN:147,(anonymous_24)
FN:159,(anonymous_25)
FN:162,(anonymous_26)
FN:172,(anonymous_27)
FN:174,(anonymous_28)
FN:187,(anonymous_29)
FN:189,(anonymous_30)
FN:200,(anonymous_31)
FN:203,(anonymous_32)
FN:216,(anonymous_33)
FN:219,(anonymous_34)
FN:230,(anonymous_35)
FN:234,(anonymous_36)
FN:248,(anonymous_37)
FN:250,(anonymous_38)
FN:264,(anonymous_39)
FN:266,(anonymous_40)
FN:280,(anonymous_41)
FN:282,(anonymous_42)
FN:294,(anonymous_43)
FN:297,(anonymous_44)
FN:310,(anonymous_45)
FN:313,(anonymous_46)
FN:326,(anonymous_47)
FN:329,(anonymous_48)
FN:341,(anonymous_49)
FN:344,(anonymous_50)
FN:355,(anonymous_51)
FN:359,(anonymous_52)
FN:363,(anonymous_53)
FN:367,(anonymous_54)
FN:373,(anonymous_55)
FN:376,(anonymous_56)
FN:380,(anonymous_57)
FN:382,(anonymous_58)
FN:386,(anonymous_59)
FN:390,(anonymous_60)
FN:394,(anonymous_61)
FN:406,(anonymous_62)
FN:89,(anonymous_63)
FN:415,(anonymous_66)
FN:793,mapStateToProps
FN:800,mapActionsToProps
FNF:47
FNH:0
FNDA:0,(anonymous_20)
FNDA:0,EditEmployee
FNDA:0,(anonymous_22)
FNDA:0,(anonymous_23)
FNDA:0,(anonymous_24)
FNDA:0,(anonymous_25)
FNDA:0,(anonymous_26)
FNDA:0,(anonymous_27)
FNDA:0,(anonymous_28)
FNDA:0,(anonymous_29)
FNDA:0,(anonymous_30)
FNDA:0,(anonymous_31)
FNDA:0,(anonymous_32)
FNDA:0,(anonymous_33)
FNDA:0,(anonymous_34)
FNDA:0,(anonymous_35)
FNDA:0,(anonymous_36)
FNDA:0,(anonymous_37)
FNDA:0,(anonymous_38)
FNDA:0,(anonymous_39)
FNDA:0,(anonymous_40)
FNDA:0,(anonymous_41)
FNDA:0,(anonymous_42)
FNDA:0,(anonymous_43)
FNDA:0,(anonymous_44)
FNDA:0,(anonymous_45)
FNDA:0,(anonymous_46)
FNDA:0,(anonymous_47)
FNDA:0,(anonymous_48)
FNDA:0,(anonymous_49)
FNDA:0,(anonymous_50)
FNDA:0,(anonymous_51)
FNDA:0,(anonymous_52)
FNDA:0,(anonymous_53)
FNDA:0,(anonymous_54)
FNDA:0,(anonymous_55)
FNDA:0,(anonymous_56)
FNDA:0,(anonymous_57)
FNDA:0,(anonymous_58)
FNDA:0,(anonymous_59)
FNDA:0,(anonymous_60)
FNDA:0,(anonymous_61)
FNDA:0,(anonymous_62)
FNDA:0,(anonymous_63)
FNDA:0,(anonymous_66)
FNDA:0,mapStateToProps
FNDA:0,mapActionsToProps
DA:1,0
DA:2,0
DA:3,0
DA:5,0
DA:6,0
DA:8,0
DA:9,0
DA:10,0
DA:11,0
DA:12,0
DA:13,0
DA:15,0
DA:16,0
DA:17,0
DA:19,0
DA:20,0
DA:58,0
DA:63,0
DA:64,0
DA:65,0
DA:66,0
DA:89,0
DA:91,0
DA:94,0
DA:115,0
DA:119,0
DA:120,0
DA:141,0
DA:144,0
DA:147,0
DA:148,0
DA:149,0
DA:151,0
DA:155,0
DA:156,0
DA:159,0
DA:160,0
DA:162,0
DA:164,0
DA:172,0
DA:173,0
DA:174,0
DA:179,0
DA:187,0
DA:188,0
DA:189,0
DA:194,0
DA:200,0
DA:201,0
DA:202,0
DA:203,0
DA:208,0
DA:216,0
DA:217,0
DA:218,0
DA:219,0
DA:224,0
DA:230,0
DA:231,0
DA:232,0
DA:233,0
DA:234,0
DA:240,0
DA:248,0
DA:249,0
DA:250,0
DA:256,0
DA:264,0
DA:265,0
DA:266,0
DA:272,0
DA:280,0
DA:281,0
DA:282,0
DA:288,0
DA:294,0
DA:295,0
DA:296,0
DA:297,0
DA:302,0
DA:310,0
DA:311,0
DA:312,0
DA:313,0
DA:318,0
DA:326,0
DA:327,0
DA:328,0
DA:329,0
DA:333,0
DA:341,0
DA:342,0
DA:343,0
DA:344,0
DA:349,0
DA:355,0
DA:356,0
DA:357,0
DA:359,0
DA:363,0
DA:364,0
DA:365,0
DA:367,0
DA:373,0
DA:374,0
DA:376,0
DA:380,0
DA:382,0
DA:383,0
DA:384,0
DA:386,0
DA:390,0
DA:391,0
DA:392,0
DA:394,0
DA:398,0
DA:402,0
DA:406,0
DA:407,0
DA:410,0
DA:415,0
DA:416,0
DA:419,0
DA:428,0
DA:791,0
DA:794,0
DA:803,0
DA:808,0
DA:810,0
LF:129
LH:0
BRDA:63,0,0,0
BRDA:63,0,1,0
BRDA:144,1,0,0
BRDA:144,1,1,0
BRDA:148,2,0,0
BRDA:148,2,1,0
BRDA:151,3,0,0
BRDA:151,3,1,0
BRDA:259,4,0,0
BRDA:259,4,1,0
BRDA:275,5,0,0
BRDA:275,5,1,0
BRDA:356,6,0,0
BRDA:356,6,1,0
BRDA:364,7,0,0
BRDA:364,7,1,0
BRDA:394,8,0,0
BRDA:394,8,1,0
BRDA:606,9,0,0
BRDA:606,9,1,0
BRDA:773,10,0,0
BRDA:773,10,1,0
BRDA:778,11,0,0
BRDA:778,11,1,0
BRF:24
BRH:0
end_of_record
TN:
SF:/home/chrisj/moocs/udacity/cdci/cdci2021/frontend/src/app/containers/Employee/components/EditEmployee/inputValidations.ts
FN:1,(anonymous_0)
FN:3,(anonymous_1)
FN:5,(anonymous_2)
FNF:3
FNH:0
FNDA:0,(anonymous_0)
FNDA:0,(anonymous_1)
FNDA:0,(anonymous_2)
DA:1,0
DA:3,0
DA:5,0
LF:3
LH:0
BRF:0
BRH:0
end_of_record
TN:
SF:/home/chrisj/moocs/udacity/cdci/cdci2021/frontend/src/app/containers/Employee/components/EditEmployee/withAutoSave.tsx
FN:4,(anonymous_8)
FN:5,(anonymous_9)
FN:5,class_1
FN:9,(anonymous_11)
FN:14,(anonymous_12)
FNF:5
FNH:0
FNDA:0,(anonymous_8)
FNDA:0,(anonymous_9)
FNDA:0,class_1
FNDA:0,(anonymous_11)
FNDA:0,(anonymous_12)
DA:1,0
DA:4,0
DA:5,0
DA:6,0
DA:7,0
DA:9,0
DA:10,0
DA:11,0
DA:14,0
DA:15,0
DA:17,0
LF:11
LH:0
BRDA:5,0,0,0
BRDA:5,0,1,0
BRDA:5,0,2,0
BRF:3
BRH:0
end_of_record
TN:
SF:/home/chrisj/moocs/udacity/cdci/cdci2021/frontend/src/app/containers/Employee/components/EmployeeSearch/index.tsx
FN:37,(anonymous_8)
FN:41,Employees
FN:148,(anonymous_10)
FN:150,(anonymous_11)
FN:154,(anonymous_12)
FN:160,(anonymous_13)
FN:164,(anonymous_14)
FN:168,(anonymous_15)
FN:177,(anonymous_16)
FN:182,(anonymous_17)
FN:183,(anonymous_18)
FN:48,(anonymous_19)
FN:53,(anonymous_20)
FN:57,(anonymous_21)
FN:84,(anonymous_22)
FN:95,(anonymous_23)
FN:105,(anonymous_24)
FN:116,(anonymous_25)
FN:118,(anonymous_26)
FN:139,(anonymous_27)
FN:246,mapStateToProps
FN:254,mapActionsToProps
FNF:22
FNH:0
FNDA:0,(anonymous_8)
FNDA:0,Employees
FNDA:0,(anonymous_10)
FNDA:0,(anonymous_11)
FNDA:0,(anonymous_12)
FNDA:0,(anonymous_13)
FNDA:0,(anonymous_14)
FNDA:0,(anonymous_15)
FNDA:0,(anonymous_16)
FNDA:0,(anonymous_17)
FNDA:0,(anonymous_18)
FNDA:0,(anonymous_19)
FNDA:0,(anonymous_20)
FNDA:0,(anonymous_21)
FNDA:0,(anonymous_22)
FNDA:0,(anonymous_23)
FNDA:0,(anonymous_24)
FNDA:0,(anonymous_25)
FNDA:0,(anonymous_26)
FNDA:0,(anonymous_27)
FNDA:0,mapStateToProps
FNDA:0,mapActionsToProps
DA:1,0
DA:2,0
DA:3,0
DA:5,0
DA:6,0
DA:8,0
DA:9,0
DA:11,0
DA:12,0
DA:13,0
DA:14,0
DA:15,0
DA:37,0
DA:42,0
DA:43,0
DA:48,0
DA:49,0
DA:53,0
DA:58,0
DA:59,0
DA:84,0
DA:85,0
DA:86,0
DA:88,0
DA:89,0
DA:95,0
DA:96,0
DA:97,0
DA:99,0
DA:105,0
DA:106,0
DA:107,0
DA:109,0
DA:116,0
DA:119,0
DA:120,0
DA:121,0
DA:122,0
DA:124,0
DA:139,0
DA:140,0
DA:148,0
DA:150,0
DA:151,0
DA:154,0
DA:155,0
DA:160,0
DA:161,0
DA:164,0
DA:165,0
DA:168,0
DA:169,0
DA:172,0
DA:177,0
DA:178,0
DA:180,0
DA:182,0
DA:183,0
DA:194,0
DA:203,0
DA:244,0
DA:247,0
DA:257,0
DA:262,0
LF:64
LH:0
BRDA:42,0,0,0
BRDA:42,0,1,0
BRDA:182,1,0,0
BRDA:182,1,1,0
BRDA:85,2,0,0
BRDA:85,2,1,0
BRDA:96,3,0,0
BRDA:96,3,1,0
BRDA:106,4,0,0
BRDA:106,4,1,0
BRDA:121,5,0,0
BRDA:121,5,1,0
BRF:12
BRH:0
end_of_record
TN:
SF:/home/chrisj/moocs/udacity/cdci/cdci2021/frontend/src/app/containers/Employee/components/Employees/index.tsx
FN:37,(anonymous_8)
FN:41,Employees
FN:48,(anonymous_10)
FN:152,(anonymous_11)
FN:154,(anonymous_12)
FN:158,(anonymous_13)
FN:164,(anonymous_14)
FN:168,(anonymous_15)
FN:177,(anonymous_16)
FN:182,(anonymous_17)
FN:183,(anonymous_18)
FN:52,(anonymous_19)
FN:57,(anonymous_20)
FN:61,(anonymous_21)
FN:88,(anonymous_22)
FN:99,(anonymous_23)
FN:109,(anonymous_24)
FN:120,(anonymous_25)
FN:122,(anonymous_26)
FN:143,(anonymous_27)
FN:246,mapStateToProps
FN:254,mapActionsToProps
FNF:22
FNH:0
FNDA:0,(anonymous_8)
FNDA:0,Employees
FNDA:0,(anonymous_10)
FNDA:0,(anonymous_11)
FNDA:0,(anonymous_12)
FNDA:0,(anonymous_13)
FNDA:0,(anonymous_14)
FNDA:0,(anonymous_15)
FNDA:0,(anonymous_16)
FNDA:0,(anonymous_17)
FNDA:0,(anonymous_18)
FNDA:0,(anonymous_19)
FNDA:0,(anonymous_20)
FNDA:0,(anonymous_21)
FNDA:0,(anonymous_22)
FNDA:0,(anonymous_23)
FNDA:0,(anonymous_24)
FNDA:0,(anonymous_25)
FNDA:0,(anonymous_26)
FNDA:0,(anonymous_27)
FNDA:0,mapStateToProps
FNDA:0,mapActionsToProps
DA:1,0
DA:2,0
DA:3,0
DA:5,0
DA:6,0
DA:8,0
DA:9,0
DA:11,0
DA:12,0
DA:13,0
DA:14,0
DA:15,0
DA:37,0
DA:42,0
DA:43,0
DA:48,0
DA:49,0
DA:52,0
DA:53,0
DA:57,0
DA:62,0
DA:63,0
DA:88,0
DA:89,0
DA:90,0
DA:92,0
DA:93,0
DA:99,0
DA:100,0
DA:101,0
DA:103,0
DA:109,0
DA:110,0
DA:111,0
DA:113,0
DA:120,0
DA:123,0
DA:124,0
DA:125,0
DA:126,0
DA:128,0
DA:143,0
DA:144,0
DA:152,0
DA:154,0
DA:155,0
DA:158,0
DA:159,0
DA:164,0
DA:165,0
DA:168,0
DA:169,0
DA:172,0
DA:177,0
DA:178,0
DA:180,0
DA:182,0
DA:183,0
DA:194,0
DA:203,0
DA:244,0
DA:247,0
DA:257,0
DA:262,0
LF:64
LH:0
BRDA:42,0,0,0
BRDA:42,0,1,0
BRDA:182,1,0,0
BRDA:182,1,1,0
BRDA:89,2,0,0
BRDA:89,2,1,0
BRDA:100,3,0,0
BRDA:100,3,1,0
BRDA:110,4,0,0
BRDA:110,4,1,0
BRDA:125,5,0,0
BRDA:125,5,1,0
BRF:12
BRH:0
end_of_record
TN:
SF:/home/chrisj/moocs/udacity/cdci/cdci2021/frontend/src/app/containers/Employee/components/ViewEmployee/index.tsx
FN:58,(anonymous_18)
FN:63,ViewEmployee
FN:129,(anonymous_20)
FN:139,(anonymous_21)
FN:143,(anonymous_22)
FN:95,(anonymous_23)
FN:152,(anonymous_26)
FN:224,(anonymous_27)
FN:497,mapStateToProps
FN:505,mapActionsToProps
FNF:10
FNH:0
FNDA:0,(anonymous_18)
FNDA:0,ViewEmployee
FNDA:0,(anonymous_20)
FNDA:0,(anonymous_21)
FNDA:0,(anonymous_22)
FNDA:0,(anonymous_23)
FNDA:0,(anonymous_26)
FNDA:0,(anonymous_27)
FNDA:0,mapStateToProps
FNDA:0,mapActionsToProps
DA:1,0
DA:2,0
DA:3,0
DA:5,0
DA:6,0
DA:8,0
DA:9,0
DA:10,0
DA:11,0
DA:12,0
DA:13,0
DA:14,0
DA:16,0
DA:58,0
DA:64,0
DA:66,0
DA:67,0
DA:68,0
DA:95,0
DA:97,0
DA:100,0
DA:125,0
DA:129,0
DA:131,0
DA:135,0
DA:139,0
DA:140,0
DA:143,0
DA:144,0
DA:147,0
DA:152,0
DA:153,0
DA:156,0
DA:165,0
DA:225,0
DA:495,0
DA:498,0
DA:508,0
DA:513,0
LF:39
LH:0
BRDA:64,0,0,0
BRDA:64,0,1,0
BRDA:298,1,0,0
BRDA:298,1,1,0
BRDA:318,2,0,0
BRDA:318,2,1,0
BRDA:336,3,0,0
BRDA:336,3,1,0
BRDA:479,4,0,0
BRDA:479,4,1,0
BRDA:484,5,0,0
BRDA:484,5,1,0
BRF:12
BRH:0
end_of_record
TN:
SF:/home/chrisj/moocs/udacity/cdci/cdci2021/frontend/src/app/containers/Employee/models/EmployeeModel.ts
FN:1,(anonymous_0)
FN:6,(anonymous_1)
FN:66,(anonymous_2)
FNF:3
FNH:0
FNDA:0,(anonymous_0)
FNDA:0,(anonymous_1)
FNDA:0,(anonymous_2)
DA:1,0
DA:2,0
DA:3,0
DA:6,0
DA:7,0
DA:8,0
DA:66,0
DA:67,0
LF:8
LH:0
BRDA:1,0,0,0
BRDA:1,0,1,0
BRDA:6,1,0,0
BRDA:6,1,1,0
BRDA:66,2,0,0
BRDA:66,2,1,0
BRF:6
BRH:0
end_of_record
TN:
SF:/home/chrisj/moocs/udacity/cdci/cdci2021/frontend/src/app/containers/Employee/models/index.ts
FNF:0
FNH:0
DA:1,0
LF:1
LH:0
BRF:0
BRH:0
end_of_record
TN:
SF:/home/chrisj/moocs/udacity/cdci/cdci2021/frontend/src/app/containers/Employee/reducer/employees.ts
FN:14,(anonymous_2)
FN:20,(anonymous_3)
FN:27,(anonymous_4)
FN:42,(anonymous_5)
FN:48,(anonymous_6)
FN:55,(anonymous_7)
FN:61,(anonymous_8)
FNF:7
FNH:3
FNDA:0,(anonymous_2)
FNDA:0,(anonymous_3)
FNDA:0,(anonymous_4)
FNDA:1,(anonymous_5)
FNDA:1,(anonymous_6)
FNDA:1,(anonymous_7)
FNDA:0,(anonymous_8)
DA:1,1
DA:2,1
DA:6,1
DA:12,1
DA:15,0
DA:21,0
DA:28,0
DA:29,0
DA:30,0
DA:36,0
DA:43,1
DA:49,1
DA:56,1
DA:62,0
LF:14
LH:7
BRDA:24,0,0,0
BRDA:24,0,1,0
BRDA:29,1,0,0
BRDA:29,1,1,0
BRDA:52,2,0,1
BRDA:52,2,1,1
BRF:6
BRH:2
end_of_record
TN:
SF:/home/chrisj/moocs/udacity/cdci/cdci2021/frontend/src/app/containers/Employee/reducer/sampleData.ts
FN:3,generateFakeDate
FNF:1
FNH:0
FNDA:0,generateFakeDate
DA:1,0
DA:4,0
DA:7,0
DA:32,0
LF:4
LH:0
BRF:0
BRH:0
end_of_record
TN:
SF:/home/chrisj/moocs/udacity/cdci/cdci2021/frontend/src/app/containers/Employee/services/employees.ts
FN:14,(anonymous_12)
FN:18,EmployeesService
FN:38,(anonymous_14)
FN:45,(anonymous_15)
FN:49,(anonymous_16)
FN:23,(anonymous_17)
FN:34,(anonymous_20)
FN:53,(anonymous_21)
FN:56,(anonymous_24)
FN:60,(anonymous_27)
FNF:10
FNH:1
FNDA:1,(anonymous_12)
FNDA:0,EmployeesService
FNDA:0,(anonymous_14)
FNDA:0,(anonymous_15)
FNDA:0,(anonymous_16)
FNDA:0,(anonymous_17)
FNDA:0,(anonymous_20)
FNDA:0,(anonymous_21)
FNDA:0,(anonymous_24)
FNDA:0,(anonymous_27)
DA:1,1
DA:14,1
DA:18,0
DA:19,0
DA:20,0
DA:23,1
DA:24,0
DA:29,0
DA:34,1
DA:35,0
DA:38,0
DA:40,0
DA:41,0
DA:42,0
DA:45,0
DA:46,0
DA:49,0
DA:50,0
DA:53,1
DA:54,0
DA:56,1
DA:57,0
DA:60,1
DA:61,0
DA:62,0
DA:64,1
LF:26
LH:8
BRDA:18,0,0,0
BRDA:18,0,1,0
BRDA:24,1,0,0
BRDA:61,2,0,0
BRF:4
BRH:0
end_of_record
